
 o------------------------------------------------------------o
 | AVL BOOST Hydsim / VarStep solver / v2020.1 / March 2020 |
 o------------------------------------------------------------o

                        DIMENSIONS
                        ==========

  Max number of elements (EQUIPMENTs)             999
  Max number of 1st order diff. equations         999
  Max number of BOUNDARY-type elements            100
  Max number of boundary values per element      7200
  Max number of rows in var. connection table     100
  Max number of rows in var. fluid prop. table     50
  Max number of sets in SEARCH/ADJUST-PARAMETER    10
  Max number of optimized parameters in one set    20

  - - - - - - - - - - - - - - - - - - - - - - - - - -

  LINE - d"Alembert solution, Laplace transform 
  Max number of calculation steps along line    *****

  LINE - Max number of discrete line cells:
         2nd order MacCormack scheme            10000

------------------------------------------------------------------------


                       DATA LISTING
                       ============

 TOTAL NUMBER OF ELEMENTS                       =  17
 NUMBER OF BOUNDARY ELEMENTS                    =   4
 NUMBER OF d"ALEMBERT & LAPLACE LINE ELEMENTS   =   1
 NUMBER OF MACCORMACK LINE ELEMENTS             =   1
 NUMBER OF LEAKAGE ELEMENTS                     =   1
 NUMBER OF SINGLE-PHASE VOLUME ELEMENTS         =   4


 VALUES FOR CALCULATION CONTROL:
 ==============================

 REFERENCE SPEED            =   500.00000 rpm
 ENGINE SPEED               =  1000.00000 rpm
 CRANK ANGLE AT CALC. START =    0.00     deg BTDC

 SOLVER TYPE:
   BACKWARD DIFFERENTIATION FORMULA (BDF), VARIABLE STEP

 SOLVER PARAMETERS:
   ERROR TYPE               = MIXED   
   TOLERANCE                = .100000E-04

 CALCULATION END TIME     = 0.16667E-01 s
 NUMBER OF STORED VALUES  =   250


 SIMULATION MODE
 ===============

  FLOW TYPE: ISOTHERMAL
  CONNECTION TREATMENT: INSERT VIRTUAL VOLUMES


 GLOBAL FLUID PROPERTIES (CONSTANT):
 ==================================

 BULK MODULUS          =   1386.000 (N/mm2)
 VELOCITY OF SOUND     =   1300.090 (m/s)
 MASS DENSITY          =    820.000 (kg/m3)
 KINEMATIC VISCOSITY   =      3.000 (cSt)
 DYNAMIC VISCOSITY     =   0.002460 (Ns/m2)
 SURFACE TENSION       =   0.000029 (N/mm)
 REFERENCE PRESSURE    =   1.000000 (bar)


 THERMAL FLUID PROPERTIES (CONSTANT):
 ===================================

 SPECIFIC HEAT           =   1960.000 (J/kgK)
 THERMAL EXPANSION COEF. =      0.001 (1/K)
 THERMAL CONDUCTIVITY    =      0.145 (W/mK)
 REFERENCE TEMPERATURE   =    293.150 (K)


 GAS PROPERTIES (GLOBAL):
 =======================

--------------|--------------|--------------|--------------|
   PRESSURE   |  SPEC. HEAT  |  HEAT RATIO  |DYN. VISCOSITY|
      bar     |     J/kgK    |       -      |     Pa.s     |
--------------|--------------|--------------|--------------|
      293.150 |     1005.000 |        1.400 |        0.000 |


 CYLINDER CHARGE PROPERTIES (LOCAL):
 ==================================

   REFERENCE TEMPERATURE  =    293.150 K
   SPECIFIC HEAT RATIO    =      1.400 -

--------------|--------------|--------------|
   PRESSURE   |    DENSITY   |KIN. VISCOSITY|
      bar     |     kg/m3    |      cSt     |
--------------|--------------|--------------|
        1.000 |        0.737 |        5.500 |
        5.000 |        3.682 |        5.500 |
       10.000 |        7.348 |        5.500 |
       20.000 |       14.635 |        5.500 |
       40.000 |       29.036 |        5.500 |
       60.000 |       33.197 |        5.500 |
       80.000 |       37.143 |        5.500 |
      100.000 |       50.872 |        5.500 |


 EQUIPMENT (ELEMENTS):
 ====================

--------------------------------------------------------------------------------
  1 Cam Profile   CODE= 12   CONNECTIONS =    -2
 ***************

 INPUT PARAMETERS:
   TRANSMISSION RATIO         =      1.000 (-)
   RADIUS OF CAM BASE CIRCLE  =     47.500 (mm)
   RADIUS OF ROLLER           =     27.500 (mm)
   INITIAL LIFT OF FOLLOWER   =      0.000 (mm)
   INITIAL FOLLOWER VELOCITY  = 0.0000     (m/s)
   SHIFT ANGLE OF CAM PROFILE =      0.000 (deg)
 INPUT PARAMETERS:
   TRANSMISSION RATIO         =      0.000 (-)
   RADIUS OF CAM BASE CIRCLE  = 

 FOLLOWER UNIT VECTOR IN SHAFT COORDINATE SYSTEM:
   GLOBAL X COORDINATE  =      1.000
   GLOBAL Y COORDINATE  =      0.000
   GLOBAL W COORDINATE  =      0.000

 MECHANICAL CONNECTION DATA:
 CONNECTION x TO  2 =F0 = 0.00     N  C = 0.150E+06 N/mm  D = 800.     Ns/m

 CAM PROFILE DATA:
---------|----------|--------|-----------|-------------|---------|--------|
 CAMANGLE|   LIFT   | V-1000 |   A-1000  |     RHO     |   BETA  |   FN   |
   (deg) |   (mm)   | (m/s)  |   (m/s2)  |     (mm)    |  (deg)  |  (mm)  |
---------|----------|--------|-----------|-------------|---------|--------|
   0.000 |  0.00000 |
   0.200 |  0.00003 |
   0.399 |  0.00024 |
   0.599 |  0.00082 |
   0.798 |  0.00194 |
   0.998 |  0.00378 |
   1.197 |  0.00651 |
   1.397 |  0.01014 |
   1.596 |  0.01469 |
   1.796 |  0.02014 |
   1.995 |  0.02651 |
   2.195 |  0.03379 |
   2.394 |  0.04199 |
   2.594 |  0.05109 |
   2.793 |  0.06111 |
   2.993 |  0.07205 |
   3.192 |  0.08390 |
   3.392 |  0.09667 |
   3.591 |  0.11035 |
   3.791 |  0.12496 |
   3.990 |  0.14048 |
   4.189 |  0.15692 |
   4.389 |  0.17429 |
   4.588 |  0.19257 |
   4.788 |  0.21179 |
   4.987 |  0.23192 |
   5.187 |  0.25299 |
   5.386 |  0.27498 |
   5.586 |  0.29790 |
   5.785 |  0.32176 |
   5.985 |  0.34654 |
   6.184 |  0.37226 |
   6.384 |  0.39892 |
   6.583 |  0.42651 |
   6.783 |  0.45505 |
   6.982 |  0.48452 |
   7.182 |  0.51494 |
   7.381 |  0.54631 |
   7.581 |  0.57862 |
   7.780 |  0.61189 |
   7.980 |  0.64610 |
   8.180 |  0.68127 |
   8.379 |  0.71740 |
   8.579 |  0.75448 |
   8.778 |  0.79253 |
   8.977 |  0.83154 |
   9.177 |  0.87152 |
   9.377 |  0.91247 |
   9.576 |  0.95439 |
   9.775 |  0.99728 |
   9.975 |  1.04115 |
  10.175 |  1.08601 |
  10.374 |  1.13184 |
  10.573 |  1.17867 |
  10.773 |  1.22648 |
  10.973 |  1.27528 |
  11.172 |  1.32508 |
  11.371 |  1.37588 |
  11.571 |  1.42769 |
  11.771 |  1.48049 |
  11.970 |  1.53431 |
  12.169 |  1.58914 |
  12.369 |  1.64499 |
  12.569 |  1.70186 |
  12.768 |  1.75975 |
  12.967 |  1.81868 |
  13.167 |  1.87863 |
  13.367 |  1.93962 |
  13.566 |  2.00165 |
  13.765 |  2.06473 |
  13.965 |  2.12885 |
  14.165 |  2.19403 |
  14.364 |  2.26026 |
  14.563 |  2.32756 |
  14.763 |  2.39592 |
  14.963 |  2.46535 |
  15.162 |  2.53586 |
  15.361 |  2.60745 |
  15.561 |  2.68013 |
  15.761 |  2.75389 |
  15.960 |  2.82876 |
  16.160 |  2.90472 |
  16.359 |  2.98179 |
  16.558 |  3.05996 |
  16.758 |  3.13926 |
  16.957 |  3.21968 |
  17.157 |  3.30122 |
  17.357 |  3.38390 |
  17.556 |  3.46772 |
  17.756 |  3.55268 |
  17.955 |  3.63879 |
  18.154 |  3.72606 |
  18.354 |  3.81450 |
  18.553 |  3.90410 |
  18.753 |  3.99488 |
  18.953 |  4.08684 |
  19.152 |  4.17998 |
  19.352 |  4.27433 |
  19.551 |  4.36987 |
  19.750 |  4.46662 |
  19.950 |  4.56459 |
  20.149 |  4.66378 |
  20.349 |  4.76420 |
  20.549 |  4.86586 |
  20.748 |  4.96876 |
  20.948 |  5.07292 |
  21.147 |  5.17833 |
  21.346 |  5.28501 |
  21.546 |  5.39296 |
  21.745 |  5.50220 |
  21.945 |  5.61273 |
  22.145 |  5.72455 |
  22.344 |  5.83769 |
  22.544 |  5.95213 |
  22.743 |  6.06791 |
  22.942 |  6.18501 |
  23.142 |  6.30346 |
  23.341 |  6.42326 |
  23.541 |  6.54441 |
  23.741 |  6.66694 |
  23.940 |  6.79084 |
  24.140 |  6.91614 |
  24.339 |  7.04282 |
  24.538 |  7.17092 |
  24.738 |  7.30043 |
  24.938 |  7.43137 |
  25.137 |  7.56374 |
  25.337 |  7.69756 |
  25.536 |  7.83284 |
  25.735 |  7.96959 |
  25.935 |  8.10782 |
  26.134 |  8.24753 |
  26.334 |  8.38875 |
  26.534 |  8.53148 |
  26.733 |  8.67573 |
  26.933 |  8.82152 |
  27.132 |  8.96885 |
  27.331 |  9.11774 |
  27.531 |  9.26816 |
  27.730 |  9.41996 |
  27.930 |  9.57298 |
  28.130 |  9.72706 |
  28.329 |  9.88203 |
  28.529 | 10.03770 |
  28.728 | 10.19400 |
  28.927 | 10.35070 |
  29.127 | 10.50770 |
  29.326 | 10.66470 |
  29.526 | 10.82160 |
  29.726 | 10.97840 |
  29.925 | 11.13470 |
  30.125 | 11.29040 |
  30.324 | 11.44550 |
  30.523 | 11.59970 |
  30.723 | 11.75300 |
  30.922 | 11.90550 |
  31.122 | 12.05710 |
  31.322 | 12.20790 |
  31.521 | 12.35780 |
  31.721 | 12.50680 |
  31.920 | 12.65500 |
  32.120 | 12.80230 |
  32.319 | 12.94870 |
  32.519 | 13.09430 |
  32.718 | 13.23900 |
  32.917 | 13.38290 |
  33.117 | 13.52580 |
  33.316 | 13.66800 |
  33.516 | 13.80920 |
  33.715 | 13.94960 |
  33.915 | 14.08920 |
  34.114 | 14.22790 |
  34.314 | 14.36570 |
  34.514 | 14.50260 |
  34.713 | 14.63870 |
  34.913 | 14.77400 |
  35.112 | 14.90830 |
  35.312 | 15.04180 |
  35.511 | 15.17450 |
  35.711 | 15.30630 |
  35.910 | 15.43720 |
  36.109 | 15.56720 |
  36.309 | 15.69640 |
  36.508 | 15.82480 |
  36.708 | 15.95220 |
  36.907 | 16.07880 |
  37.107 | 16.20460 |
  37.306 | 16.32950 |
  37.506 | 16.45350 |
  37.706 | 16.57660 |
  37.905 | 16.69890 |
  38.105 | 16.82040 |
  38.304 | 16.94090 |
  38.504 | 17.06070 |
  38.703 | 17.17950 |
  38.903 | 17.29750 |
  39.102 | 17.41460 |
  39.301 | 17.53090 |
  39.501 | 17.64630 |
  39.700 | 17.76080 |
  39.900 | 17.87450 |
  40.099 | 17.98730 |
  40.299 | 18.09910 |
  40.498 | 18.20990 |
  40.698 | 18.31930 |
  40.898 | 18.42730 |
  41.097 | 18.53370 |
  41.297 | 18.63830 |
  41.496 | 18.74100 |
  41.696 | 18.84180 |
  41.895 | 18.94070 |
  42.094 | 19.03770 |
  42.294 | 19.13280 |
  42.493 | 19.22600 |
  42.693 | 19.31730 |
  42.892 | 19.40670 |
  43.092 | 19.49420 |
  43.291 | 19.57980 |
  43.491 | 19.66340 |
  43.691 | 19.74510 |
  43.890 | 19.82490 |
  44.090 | 19.90280 |
  44.289 | 19.97870 |
  44.489 | 20.05280 |
  44.688 | 20.12480 |
  44.888 | 20.19500 |
  45.087 | 20.26320 |
  45.286 | 20.32940 |
  45.486 | 20.39370 |
  45.685 | 20.45610 |
  45.885 | 20.51650 |
  46.084 | 20.57490 |
  46.284 | 20.63140 |
  46.483 | 20.68600 |
  46.683 | 20.73860 |
  46.883 | 20.78920 |
  47.082 | 20.83790 |
  47.282 | 20.88460 |
  47.481 | 20.92930 |
  47.681 | 20.97210 |
  47.880 | 21.01290 |
  48.080 | 21.05170 |
  48.279 | 21.08850 |
  48.478 | 21.12340 |
  48.678 | 21.15630 |
  48.877 | 21.18730 |
  49.077 | 21.21620 |
  49.276 | 21.24320 |
  49.476 | 21.26820 |
  49.675 | 21.29130 |
  49.875 | 21.31230 |
--------------------------------------------------------------------------------
  2 Plunger       CODE= 30   CONNECTIONS =     1   -4
 ***************

 INPUT PARAMETERS:
   MOVING MASS                  =   999.     (g) 
   COULOMB FRICTION FORCE       =   0.00     (N)
   PLUNGER DIAMETER             =   17.0     (mm) 
   PRESSURE IN CAM CHAMBER      =   1.50     (bar)

 PLUNGER SPRING PRELOAD         =  0.112E+04 (N)
                STIFFNESS       =   40.0     (N/mm)
                DAMPING         =   10.0     (Ns/m)

 SPECIAL CONNECTION TO ELEMENT(S) No. =>    3

 ELEMENT UNIT VECTOR IN GLOBAL COORDINATE SYSTEM:
   GLOBAL X COORDINATE  =      1.000
   GLOBAL Y COORDINATE  =      0.000
   GLOBAL W COORDINATE  =      0.000

 MECHANICAL CONNECTION DATA:
 CONNECTION x TO  1 => F0 = 0.00     N  C = 0.150E+06 N/mm  D = 800.     Ns/m
--------------------------------------------------------------------------------
  3 Spill Port    CODE= 35   CONNECTIONS =     4  -13
 ***************

 INPUT PARAMETERS:
   PORT DIAMETER        =     6.000 (mm)
   NUMBER OF PORTS      =  2

 PLUNGER DATA:
   PLUNGER DIAMETER WAS TAKEN FROM CONNECTED PISTON-TYPE ELEMENT
   PRE-STROKE              =     6.000 (mm)
   EFFECTIVE STROKE        =     8.000 (mm)
   SPILL HELIX ANGLE (1st) =    43.000 (deg)
   SPILL HELIX ANGLE (2nd) =     0.000 (deg)
   HELIX SLOT WIDTH        =    20.000 (mm)
   AREA OF GROOVE/BORE     =    30.000 (mm2)

 SPECIAL CONNECTION TO PLUNGER ELEMENT No.  2

 FLOW RESISTANCE OF PORT CALCULATED INTERNALLY

--------------------------------------------------------------------------------
  4 Pump Chamber  CODE= 21   CONNECTIONS =     2   11   -5   -3
 ***************

 INPUT PARAMETERS:
   INITIAL VOLUME       =  0.700E+04 (mm3)
   VAPOUR PRESSURE      =  0.100E-02 (bar)
--------------------------------------------------------------------------------
  5 Delivery      CODE= 40   CONNECTIONS =     4   -6
 ***************

 INPUT PARAMETERS:
   MOVING BODY MASS         =   5.00     (g)
   VALVE SEAT DIAMETER      =   8.00     (mm)
   VALVE STEM DIAMETER      =   8.00     (mm)
   COULOMB FRICTION FORCE   =   0.00     (N)
   FLOW RESISTANCE AT SEAT  =   2.80     (-)
   VALVE OPENING PRESSURE   =   20.0     (bar)
   VALVE SPRING STIFFNESS   =   20.0     (N/mm)
                DAMPING     =   1.00     (Ns/m)
   VALVE BODY LIFT          =  0.700     (mm)


 LINEAR SEAT/STOP MODEL
   VALVE SEAT STIFFNESS     =  0.500E+05 (N/mm)
               DAMPING      =   50.0     (Ns/m)
   VALVE STOP STIFFNESS     =  0.500E+05 (N/mm)
               DAMPING      =   50.0     (Ns/m)


 ELEMENT UNIT VECTOR IN GLOBAL COORDINATE SYSTEM:
   GLOBAL X COORDINATE  =      1.000
   GLOBAL Y COORDINATE  =      0.000
   GLOBAL W COORDINATE  =      0.000
--------------------------------------------------------------------------------
  6 Valve Chambe  CODE= 21   CONNECTIONS =     5  -17  -11
 ***************

 INPUT PARAMETERS:
   INITIAL VOLUME       =  0.300E+04 (mm3)
   VAPOUR PRESSURE      =  0.100E-02 (bar)
--------------------------------------------------------------------------------
  7 Conn. Volume  CODE= 21   CONNECTIONS =    17   -8
 ***************

 INPUT PARAMETERS:
   INITIAL VOLUME       =   100.     (mm3)
   VAPOUR PRESSURE      =  0.100E-02 (bar)
--------------------------------------------------------------------------------
  8 Nozzle Bore   CODE= 23   CONNECTIONS =     7   -9
 ***************

 INPUT PARAMETERS:
   LINE LENGTH   =    300.00 (mm)
   LINE DIAMETER =     3.000 (mm)
--------------------------------------------------------------------------------
  9 Nozzle Chamb  CODE= 21   CONNECTIONS =     8  -16  -15  -14
 ***************

 INPUT PARAMETERS:
   INITIAL VOLUME       =   900.     (mm3)
   VAPOUR PRESSURE      =  0.100E-02 (bar)
--------------------------------------------------------------------------------
 10 Nozzle Holde  CODE=  0   CONNECTIONS =    16   14
 ***************

 INPUT PARAMETERS:
   SHIFT TIME/ANGLE RELATIVE TO CALC. START =   0.00    
   COPY DATA FOR EACH CYCLE = NO
 ELEMENT UNIT VECTOR IN GLOBAL COORDINATE SYSTEM:
   GLOBAL X COORDINATE  =      1.000
   GLOBAL Y COORDINATE  =      0.000
   GLOBAL W COORDINATE  =      0.000

BOUNDARY HYDROMECHANICAL                                                        
-------------------|-------------------|-------------------|-------------------|
       TIME        |     => X  <=      |     PRESSURE      |       FLOW        |
        (s)        |       (mm)        |       (mm)        |      (mm3/s)      |
-------------------|-------------------|-------------------|-------------------|
    0.00000000     |    0.00000000     |    3.00000000     |    0.00000000     |

 MECHANICAL CONNECTION DATA:
 CONNECTION x TO 14 =F0 = 778.     N  C =  250.     N/mm  D = 20.0     Ns/m
       direction    => X(e1) = 1.00     Y(e2) = 0.00     Z(e2) = 0.00    
--------------------------------------------------------------------------------
 11 Check Valve   CODE= 43   CONNECTIONS =     6   -4
 ***************

 INPUT PARAMETERS:
   MOVING BODY MASS         =   2.00     (g)
   VALVE SEAT LENGTH        =   1.50     (mm)
   HALF-ANGLE OF VALVE SEAT =   45.0     (deg)
   FLUID DAMPING AT CLOSING =   20.0     (Ns/m)

    INPUT THROTTLE DIAMETER =   1.50     (mm)
            FLOW RESISTANCE =  0.500     (-)
   OUTPUT THROTTLE DIAMETER =   1.50     (mm)
            FLOW RESISTANCE =   1.00     (-)

   FLOW RESISTANCE AT SEAT  =   2.78     (-)
   VALVE OPENING PRESSURE   =   100.     (bar)
   VALVE SPRING STIFFNESS   =   18.0     (N/mm)
                DAMPING     =   1.00     (Ns/m)
   VALVE BODY LIFT          =  0.300     (mm)

 LINEAR SEAT/STOP MODEL
   VALVE SEAT STIFFNESS     =  0.100E+05 (N/mm)
               DAMPING      =   25.0     (Ns/m)
   VALVE STOP STIFFNESS     =  0.100E+05 (N/mm)
               DAMPING      =   25.0     (Ns/m)


 ELEMENT UNIT VECTOR IN GLOBAL COORDINATE SYSTEM:
   GLOBAL X COORDINATE  =      1.000
   GLOBAL Y COORDINATE  =      0.000
   GLOBAL W COORDINATE  =      0.000
--------------------------------------------------------------------------------
 12 Cyl. Pressur  CODE=  5   CONNECTIONS =    15
 ***************

 INPUT PARAMETERS:
   SHIFT TIME/ANGLE RELATIVE TO CALC. START =   0.00    
   COPY DATA FOR EACH CYCLE = NO
BOUNDARY PRESSURE/TEMPERATURE                                                   
-------------------|-------------------|-------------------|                    
       TIME        |     PRESSURE      |    TEMPERATURE    |                    
        (s)        |       (bar)       |        (K)        |                    
-------------------|-------------------|-------------------|                    
    0.00000000     |    80.0000000     |    353.150000     |
--------------------------------------------------------------------------------
 13 Feed Pressur  CODE=  5   CONNECTIONS =     3
 ***************

 INPUT PARAMETERS:
   SHIFT TIME/ANGLE RELATIVE TO CALC. START =   0.00    
   COPY DATA FOR EACH CYCLE = NO
BOUNDARY PRESSURE/TEMPERATURE                                                   
-------------------|-------------------|-------------------|                    
       TIME        |     PRESSURE      |    TEMPERATURE    |                    
        (s)        |       (bar)       |        (K)        |                    
-------------------|-------------------|-------------------|                    
    0.00000000     |    3.00000000     |    313.150000     |
--------------------------------------------------------------------------------
 14 Needle        CODE= 52   CONNECTIONS =     9  -10
 ***************

 INPUT PARAMETERS:
   MOVING MASS                  =   20.0     (g) 
   COULOMB FRICTION FORCE       =   0.00     (N)
   NEEDLE GUIDE DIAMETER        =   7.00     (mm)
   NEEDLE SEAT DIAMETER         =   4.00     (mm)
   MAXIMUM NEEDLE LIFT          =  0.400     (mm)

 LINEAR SEAT/STOP MODEL
   NEEDLE SEAT STIFFNESS        =  0.100E+06 (N/mm)
               DAMPING          =   500.     (Ns/m)
   NEEDLE STOP STIFFNESS        =  0.100E+06 (N/mm)
               DAMPING          =   500.     (Ns/m)

 SPECIAL CONNECTION TO ELEMENT(S) No. =>   16   15

 ELEMENT UNIT VECTOR IN GLOBAL COORDINATE SYSTEM:
   GLOBAL X COORDINATE   =      1.000
   GLOBAL Y COORDINATE   =      0.000
   GLOBAL W COORDINATE   =      0.000

 MECHANICAL CONNECTION DATA:
 CONNECTION x TO 10 => F0 = 778.     N  C =  250.     N/mm  D = 20.0     Ns/m
--------------------------------------------------------------------------------
 15 Sac Orifice   CODE= 57   CONNECTIONS =     9  -12
 ***************

 INPUT PARAMETERS:
   NUMBER OF SPRAY HOLES       =   8
   SPRAY HOLE OUTLET DIAMETER  =  0.420     (mm)
   SPRAY HOLE LENGTH           =   1.00     (mm)

   SPRAY HOLE DISCHARGE (hyd)  =  0.740     (-)
   SPRAY HOLE DISCHARGE (cav)  =  0.640     (-)
   SPRAY HOLE INLET RADIUS     =  0.500E-02 (mm)
   VAPOUR PRESSURE             =  0.100E-02 (bar)

 STANDARD NEEDLE TIP/SEAT GEOMETRY:
   NOZZLE SAC DIAMETER         =   1.50     (mm)
   NEEDLE TIP DIAMETER         =  0.700     (mm)
   NEEDLE SEAT ANGLE           =   60.0     (deg)
   NEEDLE TIP ANGLE            =   120.     (deg)

 FLOW RESISTANCE AT NEEDLE SEAT:
   CONSTANT FOR LAMINAR FLOW   =  5000.     (-)
   EXPONENT OF REYNOLDS NUMBER =   1.00     (-)
   TURBULENT FLOW CONSTANT     =   1.00     (-)

 SPRAY CALCULATION:
   INBOWL SWIRL NUMBER         =   2.00     (-)

 SPECIAL CONNECTION TO NEEDLE ELEMENT No. 14

 SPRAY CALCULATION 
 ----------------- 
 
 DROPLET SIZE CALCULATION FORMULA  => ELKTOB          
 SPRAY CONE ANGLE CALC. FORMULA    => SITKEI          
 SPRAY PENETRATION CALC. FORMULA   => WAKURI          
--------------------------------------------------------------------------------
 16 Nozzle Leak   CODE= 38   CONNECTIONS =     9  -10
 ***************

 INPUT PARAMETERS:
   PISTON DIAMETER IS TAKEN FROM CONNECTED
   PISTON-TYPE ELEMENT WHICH HAS SMALLER DIAMETER
   NUMBER OF PISTONS   =  1
   CONSTANT GAP LENGTH =    30.000 (mm)

 SPECIAL CONNECTION TO ELEMENT(S) No. =>   14

GAP FUNCTION                                                                    
-------------------|-------------------|                                        
     Pressure      |     Clearance     |                                        
       (bar)       |       (mm)        |                                        
-------------------|-------------------|                                        
    0.00000000     |   0.500000000E-02 |
-------------------|-------------------|                                        
--------------------------------------------------------------------------------
 17 Injection Li  CODE= 29   CONNECTIONS =     6   -7
 ***************

 INPUT PARAMETERS:
   LINE LENGTH         =  500.     (mm)
   LINE DIAMETER       =  3.00     (mm)

 NO FRICTION LOSSES

 POSITION OF LINE CROSS-SECTIONS (L - distance from input end in mm):
     L =       100.00       200.00       300.00       400.00

 NUMBER OF LINE CELLS =  250
--------------------------------------------------------------------------------


                            INITIAL CONDITIONS
                            ==================
--------------|--------------|--------------|--------------|--------------|--------------|
  No. Axis    |    COORD.    |   VELOCITY   |   PRESSURE   |     FLOW     | TEMPERATURE  |
              |   (mm,deg)   |  (m/s,rpm)   |    (bar)     |    (mm3/s)   |     (K)      |
             -|-            -|-            -|-            -|-            -|-            -|
    4 x  IN ->|    0.000     |    0.000     |    3.000     |    0.000     |   313.150    |
         OUT->|    0.000     |    0.000     |    3.000     |    0.000     |   313.150    |
             -|-            -|-            -|-            -|-            -|-            -|
    6 x  IN ->|    0.000     |    0.000     |    80.00     |    0.000     |   313.150    |
         OUT->|    0.000     |    0.000     |    80.00     |    0.000     |   313.150    |
             -|-            -|-            -|-            -|-            -|-            -|
    7 x  IN ->|    0.000     |    0.000     |    80.00     |    0.000     |   313.150    |
         OUT->|    0.000     |    0.000     |    80.00     |    0.000     |   313.150    |
             -|-            -|-            -|-            -|-            -|-            -|
    9 x  IN ->|    0.000     |    0.000     |    80.00     |    0.000     |   313.150    |
         OUT->|    0.000     |    0.000     |    80.00     |    0.000     |   313.150    |
             -|-            -|-            -|-            -|-            -|-            -|


 ANIMATION ACTIVE:
 ================

 NOZZLE ELEMENT No. 15: Sac Orifice 


                             SYSTEM MAP
                             ==========

   No.  EQUIPMENT-NAME  CODE                       counters                                           CONNECTIONS
 |-----|--------------|-----|----IPR-IPL1-IPL2-IPL3--IPC-IPMA-IPMD--IPS-IPSE-IPAG|--------------------------------------------------|
 |   1 | Cam Profile  |  12 |     1    0    0    0    1    0    0    0    0    0 |   -2    0    0    0    0    0    0    0    0    0|
 |   2 | Plunger      |  30 |     0    0    0    0    2    0    0    0    0    0 |    1   -4    0    0    0    0    0    0    0    0|
 |   3 | Spill Port   |  35 |     0    0    0    0    0    0    0    0    0    0 |    4  -13    0    0    0    0    0    0    0    0|
 |   4 | Pump Chamber |  21 |     0    0    0    0    3    0    0    0    0    0 |    2   11   -5   -3    0    0    0    0    0    0|
 |   5 | Delivery     |  40 |     0    0    0    0    4    0    0    0    0    0 |    4   -6    0    0    0    0    0    0    0    0|
 |   6 | Valve Chambe |  21 |     0    0    0    0    5    0    0    0    0    0 |    5  -17  -11    0    0    0    0    0    0    0|
 |   7 | Conn. Volume |  21 |     0    0    0    0    6    0    0    0    0    0 |   17   -8    0    0    0    0    0    0    0    0|
 |   8 | Nozzle Bore  |  23 |     0    1    0    0    0    0    0    0    0    0 |    7   -9    0    0    0    0    0    0    0    0|
 |   9 | Nozzle Chamb |  21 |     0    0    0    0    7    0    0    0    0    0 |    8  -16  -15  -14    0    0    0    0    0    0|
 |  10 | Nozzle Holde |   0 |     2    0    0    0    8    0    0    0    0    0 |   16   14    0    0    0    0    0    0    0    0|
 |  11 | Check Valve  |  43 |     0    0    0    0    9    0    0    0    0    0 |    6   -4    0    0    0    0    0    0    0    0|
 |  12 | Cyl. Pressur |   5 |     3    0    0    0   10    0    0    0    0    0 |   15    0    0    0    0    0    0    0    0    0|
 |  13 | Feed Pressur |   5 |     4    0    0    0   11    0    0    0    0    0 |    3    0    0    0    0    0    0    0    0    0|
 |  14 | Needle       |  52 |     0    0    0    0   12    0    0    0    0    0 |    9  -10    0    0    0    0    0    0    0    0|
 |  15 | Sac Orifice  |  57 |     0    0    0    0    0    0    0    0    0    0 |    9  -12    0    0    0    0    0    0    0    0|
 |  16 | Nozzle Leak  |  38 |     0    0    0    0    0    0    0    0    0    1 |    9  -10    0    0    0    0    0    0    0    0|
 |  17 | Injection Li |  29 |     0    0    0    1    0    0    0    0    0    0 |    6   -7    0    0    0    0    0    0    0    0|
 |-----|--------------|-----|----IPR-IPL1-IPL2-IPL3--IPC-IPMA-IPMD--IPS-IPSE-IPAG|--------------------------------------------------|
