
 o------------------------------------------------------------o
 | AVL BOOST Hydsim / FixStep solver / v2020.1 / March 2020 |
 o------------------------------------------------------------o

                        DIMENSIONS
                        ==========

  Max number of elements (EQUIPMENTs)             999
  Max number of 1st order diff. equations         999
  Max number of BOUNDARY-type elements            100
  Max number of boundary values per element      7200
  Max number of rows in var. connection table     100
  Max number of rows in var. fluid prop. table     50
  Max number of sets in SEARCH/ADJUST-PARAMETER    10
  Max number of optimized parameters in one set    20

  - - - - - - - - - - - - - - - - - - - - - - - - - -

  LINE - d"Alembert solution, Laplace transform 
         and method of characteristics:
  Max number of calculation steps along line    *****

  LINE - Max number of discrete line cells:
         Method of characteristics               5000
         1st order Godunov method               10000
         2nd order MacCormack scheme            10000

  LINE - frictional losses (Melcher"s method):
  Max number of roots of BESSEL function           20

------------------------------------------------------------------------


                       DATA LISTING
                       ============

 TOTAL NUMBER OF ELEMENTS                       =  19
 TOTAL NUMBER OF REAL ELEMENTS                  =  18
 NUMBER OF BOUNDARY ELEMENTS                    =   4
 NUMBER OF d"ALEMBERT & LAPLACE LINE ELEMENTS   =   4
 NUMBER OF LEAKAGE ELEMENTS                     =   2
 NUMBER OF SINGLE-PHASE VOLUME ELEMENTS         =   5


 VALUES FOR CALCULATION CONTROL:
 ==============================

 REFERENCE SPEED            =   413.00000 rpm
 ENGINE SPEED               =   826.00000 rpm
 CRANK ANGLE AT CALC. START =    50.0     deg BTDC

 SOLVER TYPE:
   RUNGE-KUTTA-GILL 4th order (RKG4), FIXED STEP

 CALCULATION INTERVAL No  1:
   CALCULATION START TIME   =  0.0000     s
   TIME STEP                = .333333E-07 s
   CALCULATION END TIME     = 0.20178E-01 s
   NUMBER OF STORED VALUES  =  2000



 SIMULATION MODE
 ===============

  FLOW TYPE: ISOTHERMAL
  CONNECTION TREATMENT: INSERT VIRTUAL VOLUMES
  ORIFICE FLOW: USE ORIGINAL VALUE FROM RKG4


 GLOBAL FLUID PROPERTIES FROM PROPERTY DATABASE:
 ===============================================

 SPECIES CODE          = 51D446754441-0006FC12-415447525A-01
 TEMPERATURE           =    353.150 (K)


 GAS PROPERTIES (GLOBAL):
 =======================

--------------|--------------|--------------|--------------|
   PRESSURE   |  SPEC. HEAT  |  HEAT RATIO  |DYN. VISCOSITY|
      bar     |     J/kgK    |       -      |     Pa.s     |
--------------|--------------|--------------|--------------|
      293.150 |     1005.000 |        1.400 |        0.000 |


 EQUIPMENT (ELEMENTS):
 ====================

--------------------------------------------------------------------------------
  1 InjPipe       CODE= 23   CONNECTIONS =    12  -19
 ***************

 INPUT PARAMETERS:
   LINE LENGTH   =    501.50 (mm)
   LINE DIAMETER =     5.500 (mm)

FRICTION MODEL -> (Melcher)
--------------------------------------------------------------------------------
  2 CylHeBo1      CODE= 23   CONNECTIONS =    19  -10
 ***************

 INPUT PARAMETERS:
   LINE LENGTH   =    283.00 (mm)
   LINE DIAMETER =     5.000 (mm)

FRICTION MODEL -> (Melcher)
--------------------------------------------------------------------------------
  3 Pressure_Tem  CODE=  5   CONNECTIONS =    13    6  -17
 ***************

 INPUT PARAMETERS:
   SHIFT TIME/ANGLE RELATIVE TO CALC. START =   0.00    
   COPY DATA FOR EACH CYCLE = NO
BOUNDARY PRESSURE/TEMPERATURE                                                   
-------------------|-------------------|-------------------|                    
       TIME        |     PRESSURE      |    TEMPERATURE    |                    
        (s)        |       (bar)       |        (K)        |                    
-------------------|-------------------|-------------------|                    
    0.00000000     |    5.70000000     |    353.150000     |
--------------------------------------------------------------------------------
  4 Nozzlevol     CODE= 21   CONNECTIONS =     7   -5   -8   -6
 ***************

 INPUT PARAMETERS:
   INITIAL VOLUME       =  0.156E+04 (mm3)
   VAPOUR PRESSURE      =  0.100E-02 (bar)
--------------------------------------------------------------------------------
  5 Needle        CODE= 52   CONNECTIONS =     4   -9
 ***************

 INPUT PARAMETERS:
   MOVING MASS                  =   92.5     (g) 
   COULOMB FRICTION FORCE       =   0.00     (N)
   NEEDLE GUIDE DIAMETER        =   9.00     (mm)
   NEEDLE SEAT DIAMETER         =   6.50     (mm)
   MAXIMUM NEEDLE LIFT          =  0.700     (mm)

 LINEAR SEAT/STOP MODEL
   NEEDLE SEAT STIFFNESS        =  0.350E+06 (N/mm)
               DAMPING          =  0.350E+04 (Ns/m)
   NEEDLE STOP STIFFNESS        =  0.350E+06 (N/mm)
               DAMPING          =  0.350E+04 (Ns/m)

 SPECIAL CONNECTION TO ELEMENT(S) No. =>    6    8

 ELEMENT UNIT VECTOR IN GLOBAL COORDINATE SYSTEM:
   GLOBAL X COORDINATE   =      1.000
   GLOBAL Y COORDINATE   =      0.000
   GLOBAL W COORDINATE   =      0.000

 MECHANICAL CONNECTION DATA:
 CONNECTION x TO  9 => F0 =0.137E+04 N  C =  392.     N/mm  D = 3.92     Ns/m
--------------------------------------------------------------------------------
  6 NeeLeak       CODE= 38   CONNECTIONS =     4   -3
 ***************

 INPUT PARAMETERS:
   PISTON DIAMETER IS TAKEN FROM CONNECTED
   PISTON-TYPE ELEMENT WHICH HAS SMALLER DIAMETER
   NUMBER OF PISTONS   =  1
   INITIAL GAP LENGTH  =    29.000 (mm)

 SPECIAL CONNECTION TO ELEMENT(S) No. =>    5

GAP FUNCTION                                                                    
-------------------|-------------------|                                        
     Pressure      |     Clearance     |                                        
       (bar)       |       (mm)        |                                        
-------------------|-------------------|                                        
    0.00000000     |   0.200000000E-02 |
    1500.00000     |   0.400000000E-02 |
-------------------|-------------------|                                        
--------------------------------------------------------------------------------
  7 InjBore       CODE= 23   CONNECTIONS =    10   -4
 ***************

 INPUT PARAMETERS:
   LINE LENGTH   =    197.00 (mm)
   LINE DIAMETER =     4.500 (mm)

FRICTION MODEL -> (Melcher)
--------------------------------------------------------------------------------
  8 SAC_Orifice   CODE= 57   CONNECTIONS =     4  -15
 ***************

 INPUT PARAMETERS:
   NUMBER OF SPRAY HOLES       =  10
   SPRAY HOLE OUTLET DIAMETER  =  0.410     (mm)

   SPRAY HOLE DISCHARGE (hyd)  =   1.00     (-)
   SPRAY HOLE DISCHARGE (cav)  =   1.00     (-)
   SPRAY HOLE INLET RADIUS     =  0.190     (mm)
   VAPOUR PRESSURE             =  0.100E-02 (bar)

 STANDARD NEEDLE TIP/SEAT GEOMETRY:
   NOZZLE SAC DIAMETER         =   3.30     (mm)
   NEEDLE TIP DIAMETER         =   3.30     (mm)
   NEEDLE SEAT ANGLE           =   91.0     (deg)
   NEEDLE TIP ANGLE            =   125.     (deg)

 FLOW RESISTANCE AT NEEDLE SEAT:
   CONSTANT FOR LAMINAR FLOW   =  3500.     (-)
   EXPONENT OF REYNOLDS NUMBER =   1.00     (-)
   TURBULENT FLOW CONSTANT     =   1.00     (-)

 SPECIAL CONNECTION TO NEEDLE ELEMENT No.  5
--------------------------------------------------------------------------------
  9 NozzHol       CODE=  0   CONNECTIONS =     5
 ***************

 INPUT PARAMETERS:
   SHIFT TIME/ANGLE RELATIVE TO CALC. START =   0.00    
   COPY DATA FOR EACH CYCLE = NO
 ELEMENT UNIT VECTOR IN GLOBAL COORDINATE SYSTEM:
   GLOBAL X COORDINATE  =      1.000
   GLOBAL Y COORDINATE  =      0.000
   GLOBAL W COORDINATE  =      0.000

BOUNDARY HYDROMECHANICAL                                                        
-------------------|-------------------|-------------------|-------------------|
       TIME        |     => X  <=      |     PRESSURE      |       FLOW        |
        (s)        |       (mm)        |       (mm)        |      (mm3/s)      |
-------------------|-------------------|-------------------|-------------------|
    0.00000000     |    0.00000000     |    5.70000000     |    0.00000000     |

 MECHANICAL CONNECTION DATA:
 CONNECTION x TO  5 =F0 =0.137E+04 N  C =  392.     N/mm  D = 3.92     Ns/m
       direction    => X(e1) = 1.00     Y(e2) = 0.00     Z(e2) = 0.00    
--------------------------------------------------------------------------------
 10 InjVol        CODE= 21   CONNECTIONS =     2   -7
 ***************

 INPUT PARAMETERS:
   INITIAL VOLUME       =   477.     (mm3)
   VAPOUR PRESSURE      =  0.100E-02 (bar)
--------------------------------------------------------------------------------
 11 Plunger       CODE= 30   CONNECTIONS =    18  -12
 ***************

 INPUT PARAMETERS:
   MOVING MASS                  =  0.870E+04 (g)
   COULOMB FRICTION FORCE       =   0.00     (N)
   PLUNGER DIAMETER             =   28.0     (mm) 
   PRESSURE IN CAM CHAMBER      =   5.70     (bar)

 PLUNGER SPRING PRELOAD         =  0.150E+04 (N)
                STIFFNESS       =   66.0     (N/mm)
                DAMPING         =  0.700     (Ns/m)

 SPECIAL CONNECTION TO ELEMENT(S) No. =>   13

 ELEMENT UNIT VECTOR IN GLOBAL COORDINATE SYSTEM:
   GLOBAL X COORDINATE  =      1.000
   GLOBAL Y COORDINATE  =      0.000
   GLOBAL W COORDINATE  =      0.000

 MECHANICAL CONNECTION DATA:
 CONNECTION x TO 18 => F0 = 0.00     N  C = 0.200E+07 N/mm  D =0.200E+06 Ns/m
--------------------------------------------------------------------------------
 12 Pump_Volume   CODE= 21   CONNECTIONS =    11   14  -13   -1
 ***************

 INPUT PARAMETERS:
   INITIAL VOLUME       =  0.287E+05 (mm3)
   VAPOUR PRESSURE      =  0.100E-02 (bar)
--------------------------------------------------------------------------------
 13 Plunger_Leak  CODE= 38   CONNECTIONS =    12   -3
 ***************

 INPUT PARAMETERS:
   PISTON DIAMETER IS TAKEN FROM CONNECTED
   PISTON-TYPE ELEMENT WHICH HAS SMALLER DIAMETER
   NUMBER OF PISTONS   =  1
   CONSTANT GAP LENGTH =    80.000 (mm)

 SPECIAL CONNECTION TO ELEMENT(S) No. =>   11

GAP FUNCTION                                                                    
-------------------|-------------------|                                        
     Pressure      |     Clearance     |                                        
       (bar)       |       (mm)        |                                        
-------------------|-------------------|                                        
    0.00000000     |   0.500000000E-02 |
    20.0000000     |   0.500000000E-02 |
    2000.00000     |   0.500000000E-01 |
-------------------|-------------------|                                        
--------------------------------------------------------------------------------
 14 CutOffVa      CODE= 44   CONNECTIONS =    16  -12
 ***************

 TIMING TABLE 
   TIMING DATA   = ABSOLUTE
   INITIAL STATE = OPEN
|------------------|------------------|
| Closing Start (s)| Opening Start (s)|
|------------------|------------------|
|    0.928168E-02  |    0.102906E-01  |
|------------------|------------------|

VALVE OPENING                                                                   
-------------------|-------------------|                                        
       time        |       my*A        |                                        
        (s)        |       (mm2)       |                                        
-------------------|-------------------|                                        
      0.00000      |      0.00000      |                                        
    3.00000E-05    |      5.00000      |                                        
-------------------|-------------------|                                        
VALVE CLOSING                                                                   
-------------------|-------------------|                                        
       time        |       my*A        |                                        
        (s)        |       (mm2)       |                                        
-------------------|-------------------|                                        
      0.00000      |      5.00000      |          
    3.00000E-05    |      0.00000      |          
-------------------|-------------------|                                        
--------------------------------------------------------------------------------
 15 BoschBP       CODE=  5   CONNECTIONS =     8
 ***************

 INPUT PARAMETERS:
   SHIFT TIME/ANGLE RELATIVE TO CALC. START =   0.00    
   COPY DATA FOR EACH CYCLE = NO
BOUNDARY PRESSURE/TEMPERATURE                                                   
-------------------|-------------------|-------------------|                    
       TIME        |     PRESSURE      |    TEMPERATURE    |                    
        (s)        |       (bar)       |        (K)        |                    
-------------------|-------------------|-------------------|                    
    0.00000000     |    50.0000000     |    353.150000     |
--------------------------------------------------------------------------------
 16 BackPvol      CODE= 21   CONNECTIONS =    17  -14
 ***************

 INPUT PARAMETERS:
   INITIAL VOLUME       =   250.     (mm3)
   VAPOUR PRESSURE      =  0.100E-02 (bar)
--------------------------------------------------------------------------------
 17 BPLine        CODE= 23   CONNECTIONS =     3  -16
 ***************

 INPUT PARAMETERS:
   LINE LENGTH   =      4.00 (mm)
   LINE DIAMETER =    60.000 (mm)

FRICTION MODEL -> (none)
--------------------------------------------------------------------------------
 18 Cam_Profile   CODE= 12   CONNECTIONS =   -11
 ***************

 INPUT PARAMETERS:
   TRANSMISSION RATIO         =      1.000 (-)
   RADIUS OF CAM BASE CIRCLE  =     87.000 (mm)
   RADIUS OF ROLLER           =     38.000 (mm)
   INITIAL LIFT OF FOLLOWER   =      0.000 (mm)
   ECCENTRICITY OF FOLLOWER   =      0.000 (mm)
   INITIAL LIFT OF FOLLOWER   =      0.000 (mm)
   INITIAL FOLLOWER VELOCITY  = 0.0000     (m/s)
   SHIFT ANGLE OF CAM PROFILE = 
   YOUNG"S MODULUS OF CAM     =   0.21E+06 (N/mm2)
   EFFECTIVE ROLLER WIDTH     =     46.000 (mm)

 FOLLOWER UNIT VECTOR IN SHAFT COORDINATE SYSTEM:
   GLOBAL X COORDINATE  =      1.000
   GLOBAL Y COORDINATE  =      0.000
   GLOBAL W COORDINATE  =      0.000

 MECHANICAL CONNECTION DATA:
 CONNECTION x TO 11 =F0 = 0.00     N  C = 0.200E+07 N/mm  D =0.200E+06 Ns/m

 CAM PROFILE DATA:
---------|----------|--------|-----------|-------------|---------|--------|
 CAMANGLE|   LIFT   | V-1000 |   A-1000  |     RHO     |   BETA  |   FN   |
   (deg) |   (mm)   | (m/s)  |   (m/s2)  |     (mm)    |  (deg)  |  (mm)  |
---------|----------|--------|-----------|-------------|---------|--------|
   5.000 |  0.00000 |  0.000 |     0.000 |        87.0 |    0.00 |   0.00 |
   5.500 |  0.00237 |  0.085 |  2043.500 |      -292.8 |    0.37 |   0.81 |
   6.000 |  0.01656 |  0.255 |  2044.500 |      -293.0 |    1.12 |   2.44 |
   6.500 |  0.04495 |  0.426 |  2046.700 |      -293.4 |    1.86 |   4.07 |
   7.000 |  0.08755 |  0.597 |  2050.200 |      -293.8 |    2.61 |   5.69 |
   7.500 |  0.14440 |  0.768 |  2055.000 |      -294.4 |    3.35 |   7.32 |
   8.000 |  0.21552 |  0.939 |  2061.000 |      -295.2 |    4.10 |   8.95 |
   8.500 |  0.30095 |  1.111 |  2068.300 |      -296.0 |    4.84 |  10.57 |
   9.000 |  0.40074 |  1.284 |  2076.900 |      -297.0 |    5.58 |  12.20 |
   9.500 |  0.51497 |  1.457 |  2086.800 |      -298.1 |    6.33 |  13.83 |
  10.000 |  0.64368 |  1.632 |  2098.000 |      -299.3 |    7.07 |  15.46 |
  10.500 |  0.78696 |  1.807 |  2110.600 |      -300.7 |    7.81 |  17.10 |
  11.000 |  0.94491 |  1.984 |  2124.500 |      -302.2 |    8.55 |  18.73 |
  11.500 |  1.11761 |  2.161 |  2139.900 |      -303.8 |    9.29 |  20.37 |
  12.000 |  1.30517 |  2.340 |  2156.600 |      -305.6 |   10.03 |  22.01 |
  12.500 |  1.50770 |  2.521 |  2174.800 |      -307.5 |   10.77 |  23.65 |
  13.000 |  1.72535 |  2.703 |  2194.500 |      -309.5 |   11.51 |  25.29 |
  13.500 |  1.95823 |  2.887 |  2215.700 |      -311.6 |   12.25 |  26.94 |
  14.000 |  2.20650 |  3.072 |  2238.500 |      -313.9 |   12.99 |  28.59 |
  14.500 |  2.47032 |  3.260 |  2262.800 |      -316.4 |   13.72 |  30.24 |
  15.000 |  2.74986 |  3.449 |  2288.900 |      -318.9 |   14.46 |  31.90 |
  15.500 |  3.04529 |  3.641 |  2316.600 |      -321.6 |   15.19 |  33.56 |
  16.000 |  3.35681 |  3.836 |  2346.100 |      -324.5 |   15.93 |  35.22 |
  16.500 |  3.68463 |  4.032 |  2377.400 |      -327.5 |   16.66 |  36.89 |
  17.000 |  4.02896 |  4.232 |  2410.600 |      -330.6 |   17.39 |  38.56 |
  17.500 |  4.39003 |  4.434 |  2445.800 |      -333.8 |   18.12 |  40.24 |
  18.000 |  4.76809 |  4.640 |  2483.000 |      -337.2 |   18.85 |  41.93 |
  18.500 |  5.16339 |  4.848 |  2522.300 |      -340.8 |   19.58 |  43.62 |
  19.000 |  5.57622 |  5.060 |  2563.700 |      -344.5 |   20.31 |  45.32 |
  19.500 |  6.00684 |  5.276 |  2607.500 |      -348.3 |   21.03 |  47.02 |
  20.000 |  6.45558 |  5.495 |  2653.500 |      -352.3 |   21.76 |  48.73 |
  20.500 |  6.91921 |  5.591 |  -355.300 |        67.3 |   22.03 |  49.49 |
  21.000 |  7.38385 |  5.561 |  -362.800 |        67.4 |   21.86 |  49.28 |
  21.500 |  7.84597 |  5.530 |  -370.300 |        67.4 |   21.68 |  49.07 |
  22.000 |  8.30551 |  5.499 |  -377.800 |        67.5 |   21.50 |  48.86 |
  22.500 |  8.76243 |  5.467 |  -385.300 |        67.6 |   21.32 |  48.63 |
  23.000 |  9.21668 |  5.435 |  -392.800 |        67.6 |   21.14 |  48.40 |
  23.500 |  9.66820 |  5.402 |  -400.300 |        67.7 |   20.96 |  48.17 |
  24.000 | 10.11694 |  5.368 |  -407.800 |        67.8 |   20.78 |  47.93 |
  24.500 | 10.56284 |  5.334 |  -415.300 |        67.8 |   20.59 |  47.68 |
  25.000 | 11.00587 |  5.299 |  -422.800 |        67.9 |   20.41 |  47.42 |
  25.500 | 11.44595 |  5.263 |  -430.300 |        67.9 |   20.22 |  47.16 |
  26.000 | 11.88305 |  5.227 |  -437.800 |        68.0 |   20.03 |  46.89 |
  26.500 | 12.31711 |  5.190 |  -445.300 |        68.0 |   19.85 |  46.62 |
  27.000 | 12.74807 |  5.153 |  -452.800 |        68.1 |   19.66 |  46.34 |
  27.500 | 13.17590 |  5.115 |  -460.300 |        68.1 |   19.47 |  46.05 |
  28.000 | 13.60052 |  5.076 |  -467.800 |        68.2 |   19.28 |  45.76 |
  28.500 | 14.02190 |  5.037 |  -475.300 |        68.2 |   19.08 |  45.45 |
  29.000 | 14.43997 |  4.997 |  -482.800 |        68.2 |   18.89 |  45.15 |
  29.500 | 14.85469 |  4.956 |  -490.300 |        68.3 |   18.70 |  44.83 |
  30.000 | 15.26601 |  4.915 |  -497.800 |        68.3 |   18.50 |  44.51 |
  30.500 | 15.67387 |  4.873 |  -505.300 |        68.3 |   18.31 |  44.18 |
  31.000 | 16.07822 |  4.831 |  -512.800 |        68.3 |   18.11 |  43.85 |
  31.500 | 16.47902 |  4.788 |  -520.300 |        68.3 |   17.91 |  43.51 |
  32.000 | 16.87619 |  4.744 |  -527.800 |        68.4 |   17.71 |  43.16 |
  32.500 | 17.27032 |  4.722 |     0.000 |        98.8 |   17.59 |  42.99 |
  33.000 | 17.66385 |  4.722 |     0.000 |        99.2 |   17.54 |  43.00 |
  33.500 | 18.05737 |  4.722 |     0.000 |        99.6 |   17.50 |  43.01 |
  34.000 | 18.45089 |  4.722 |     0.000 |       100.0 |   17.45 |  43.02 |
  34.500 | 18.84441 |  4.722 |     0.000 |       100.4 |   17.41 |  43.03 |
  35.000 | 19.23793 |  4.722 |     0.000 |       100.8 |   17.36 |  43.04 |
  35.500 | 19.63145 |  4.722 |     0.000 |       101.2 |   17.32 |  43.05 |
  36.000 | 20.02497 |  4.722 |     0.000 |       101.6 |   17.27 |  43.06 |
  36.500 | 20.41849 |  4.722 |     0.000 |       102.0 |   17.23 |  43.07 |
  37.000 | 20.81201 |  4.722 |     0.000 |       102.4 |   17.18 |  43.08 |
  37.500 | 21.20553 |  4.722 |     0.000 |       102.8 |   17.14 |  43.09 |
  38.000 | 21.59905 |  4.722 |     0.000 |       103.2 |   17.10 |  43.10 |
  38.500 | 21.99257 |  4.722 |     0.000 |       103.6 |   17.05 |  43.11 |
  39.000 | 22.38610 |  4.722 |     0.000 |       104.0 |   17.01 |  43.12 |
  39.500 | 22.77962 |  4.722 |     0.000 |       104.4 |   16.97 |  43.13 |
  40.000 | 23.17314 |  4.722 |     0.000 |       104.8 |   16.93 |  43.14 |
  40.500 | 23.56666 |  4.722 |     0.000 |       105.2 |   16.88 |  43.15 |
  41.000 | 23.96018 |  4.722 |     0.000 |       105.6 |   16.84 |  43.16 |
  41.500 | 24.35370 |  4.722 |     0.000 |       106.0 |   16.80 |  43.17 |
  42.000 | 24.74709 |  4.717 |  -114.500 |        98.3 |   16.74 |  43.14 |
  42.500 | 25.13866 |  4.666 | -1114.500 |        54.0 |   16.53 |  42.72 |
  43.000 | 25.52248 |  4.532 | -2114.500 |        31.3 |   16.04 |  41.59 |
  43.500 | 25.89163 |  4.314 | -3114.500 |        17.4 |   15.27 |  39.74 |
  44.000 | 26.23983 |  4.037 | -3524.100 |        13.1 |   14.30 |  37.36 |
  44.500 | 26.56400 |  3.742 | -3552.200 |        12.6 |   13.27 |  34.78 |
  45.000 | 26.86350 |  3.445 | -3578.000 |        12.2 |   12.22 |  32.15 |
  45.500 | 27.13816 |  3.146 | -3601.700 |        11.8 |   11.17 |  29.47 |
  46.000 | 27.38781 |  2.845 | -3623.100 |        11.4 |   10.11 |  26.75 |
  46.500 | 27.61230 |  2.542 | -3642.300 |        11.1 |    9.04 |  23.98 |
  47.000 | 27.81150 |  2.238 | -3659.300 |        10.8 |    7.96 |  21.17 |
  47.500 | 27.98529 |  1.933 | -3674.100 |        10.6 |    6.88 |  18.32 |
  48.000 | 28.13357 |  1.626 | -3686.600 |        10.4 |    5.79 |  15.45 |
  48.500 | 28.25625 |  1.318 | -3696.800 |        10.2 |    4.70 |  12.55 |
  49.000 | 28.35326 |  1.010 | -3704.800 |        10.0 |    3.60 |   9.62 |
  49.500 | 28.42454 |  0.701 | -3710.500 |         9.9 |    2.50 |   6.69 |
  50.000 | 28.47006 |  0.392 | -3713.900 |         9.9 |    1.40 |   3.74 |
  50.500 | 28.48979 |  0.082 | -3715.300 |         9.9 |    0.29 |   0.78 |
  51.000 | 28.48803 | -0.073 |     0.000 |       115.5 |   -0.26 |  -0.70 |
  51.500 | 28.48196 | -0.073 |     0.000 |       115.5 |   -0.26 |  -0.70 |
  52.000 | 28.47589 | -0.073 |     0.000 |       115.5 |   -0.26 |  -0.70 |
  52.500 | 28.46982 | -0.073 |     0.000 |       115.5 |   -0.26 |  -0.70 |
  53.000 | 28.46376 | -0.073 |     0.000 |       115.5 |   -0.26 |  -0.70 |
  53.500 | 28.45769 | -0.073 |     0.000 |       115.5 |   -0.26 |  -0.70 |
  54.000 | 28.45162 | -0.073 |     0.000 |       115.5 |   -0.26 |  -0.70 |
  54.500 | 28.44555 | -0.073 |     0.000 |       115.4 |   -0.26 |  -0.70 |
  55.000 | 28.43949 | -0.073 |     0.000 |       115.4 |   -0.26 |  -0.70 |
  55.500 | 28.43342 | -0.073 |     0.000 |       115.4 |   -0.26 |  -0.70 |
  56.000 | 28.42735 | -0.073 |     0.000 |       115.4 |   -0.26 |  -0.70 |
  56.500 | 28.42129 | -0.073 |     0.000 |       115.4 |   -0.26 |  -0.70 |
  57.000 | 28.41502 | -0.080 |  -167.200 |       101.5 |   -0.28 |  -0.76 |
  57.500 | 28.40780 | -0.094 |  -167.200 |       101.5 |   -0.33 |  -0.89 |
  58.000 | 28.39941 | -0.108 |  -167.100 |       101.5 |   -0.38 |  -1.03 |
  58.500 | 28.38986 | -0.122 |  -167.100 |       101.5 |   -0.43 |  -1.16 |
  59.000 | 28.37915 | -0.135 |  -167.000 |       101.5 |   -0.48 |  -1.29 |
  59.500 | 28.36728 | -0.149 |  -166.900 |       101.5 |   -0.53 |  -1.43 |
  60.000 | 28.35425 | -0.163 |  -166.800 |       101.5 |   -0.58 |  -1.56 |
  60.500 | 28.34006 | -0.177 |  -166.700 |       101.5 |   -0.63 |  -1.69 |
  61.000 | 28.32471 | -0.191 |  -166.600 |       101.5 |   -0.68 |  -1.82 |
  61.500 | 28.30821 | -0.205 |  -166.400 |       101.5 |   -0.73 |  -1.96 |
  62.000 | 28.29056 | -0.219 |  -166.300 |       101.5 |   -0.78 |  -2.09 |
  62.500 | 28.27174 | -0.233 |  -166.100 |       101.5 |   -0.83 |  -2.22 |
  63.000 | 28.25178 | -0.247 |  -165.900 |       101.5 |   -0.88 |  -2.35 |
  63.500 | 28.23066 | -0.260 |  -165.700 |       101.5 |   -0.93 |  -2.49 |
  64.000 | 28.20839 | -0.274 |  -165.400 |       101.5 |   -0.98 |  -2.62 |
  64.500 | 28.18497 | -0.288 |  -165.200 |       101.5 |   -1.03 |  -2.75 |
  65.000 | 28.16041 | -0.302 |  -164.900 |       101.5 |   -1.08 |  -2.88 |
  65.500 | 28.13470 | -0.315 |  -164.700 |       101.4 |   -1.13 |  -3.01 |
  66.000 | 28.10785 | -0.329 |  -164.400 |       101.4 |   -1.18 |  -3.14 |
  66.500 | 28.07985 | -0.343 |  -164.100 |       101.4 |   -1.22 |  -3.27 |
  67.000 | 28.05072 | -0.356 |  -163.700 |       101.4 |   -1.27 |  -3.40 |
  67.500 | 28.02045 | -0.370 |  -163.400 |       101.4 |   -1.32 |  -3.53 |
  68.000 | 27.98904 | -0.384 |  -163.100 |       101.4 |   -1.37 |  -3.66 |
  68.500 | 27.95650 | -0.397 |  -162.700 |       101.4 |   -1.42 |  -3.79 |
  69.000 | 27.92283 | -0.411 |  -162.300 |       101.4 |   -1.47 |  -3.92 |
  69.500 | 27.88804 | -0.424 |  -161.900 |       101.4 |   -1.52 |  -4.05 |
  70.000 | 27.85212 | -0.438 |  -161.500 |       101.4 |   -1.57 |  -4.18 |
  70.500 | 27.81508 | -0.451 |  -161.100 |       101.4 |   -1.62 |  -4.31 |
  71.000 | 27.77692 | -0.465 |  -160.600 |       101.4 |   -1.66 |  -4.43 |
  71.500 | 27.73764 | -0.478 |  -160.200 |       101.4 |   -1.71 |  -4.56 |
  72.000 | 27.69726 | -0.491 |  -159.700 |       101.4 |   -1.76 |  -4.69 |
  72.500 | 27.65576 | -0.505 |  -159.200 |       101.4 |   -1.81 |  -4.82 |
  73.000 | 27.61316 | -0.518 |  -158.700 |       101.3 |   -1.86 |  -4.94 |
  73.500 | 27.56945 | -0.531 |  -158.200 |       101.3 |   -1.90 |  -5.07 |
  74.000 | 27.52465 | -0.544 |  -157.600 |       101.3 |   -1.95 |  -5.19 |
  74.500 | 27.47875 | -0.557 |  -157.100 |       101.3 |   -2.00 |  -5.32 |
  75.000 | 27.43176 | -0.570 |  -156.500 |       101.3 |   -2.05 |  -5.44 |
  75.500 | 27.38369 | -0.583 |  -156.000 |       101.3 |   -2.09 |  -5.57 |
  76.000 | 27.33453 | -0.596 |  -155.400 |       101.3 |   -2.14 |  -5.69 |
  76.500 | 27.28429 | -0.609 |  -154.800 |       101.3 |   -2.19 |  -5.81 |
  77.000 | 27.23298 | -0.622 |  -154.200 |       101.3 |   -2.24 |  -5.94 |
  77.500 | 27.18060 | -0.635 |  -153.500 |       101.3 |   -2.28 |  -6.06 |
  78.000 | 27.12715 | -0.648 |  -152.900 |       101.3 |   -2.33 |  -6.18 |
  78.500 | 27.07264 | -0.660 |  -152.200 |       101.3 |   -2.37 |  -6.30 |
  79.000 | 27.01707 | -0.673 |  -151.500 |       101.3 |   -2.42 |  -6.42 |
  79.500 | 26.96045 | -0.686 |  -150.900 |       101.3 |   -2.47 |  -6.54 |
  80.000 | 26.90278 | -0.698 |  -150.200 |       101.2 |   -2.51 |  -6.66 |
  80.500 | 26.84407 | -0.711 |  -149.400 |       101.2 |   -2.56 |  -6.78 |
  81.000 | 26.78432 | -0.723 |  -148.700 |       101.2 |   -2.61 |  -6.90 |
  81.500 | 26.72354 | -0.736 |  -148.000 |       101.2 |   -2.65 |  -7.02 |
  82.000 | 26.66173 | -0.748 |  -147.200 |       101.2 |   -2.70 |  -7.13 |
  82.500 | 26.59890 | -0.760 |  -146.400 |       101.2 |   -2.74 |  -7.25 |
  83.000 | 26.53505 | -0.772 |  -145.700 |       101.2 |   -2.79 |  -7.37 |
  83.500 | 26.47019 | -0.784 |  -144.900 |       101.2 |   -2.83 |  -7.48 |
  84.000 | 26.40433 | -0.796 |  -144.100 |       101.2 |   -2.88 |  -7.60 |
  84.500 | 26.33746 | -0.808 |  -143.200 |       101.2 |   -2.92 |  -7.71 |
  85.000 | 26.26960 | -0.820 |  -142.400 |       101.2 |   -2.96 |  -7.82 |
  85.500 | 26.20075 | -0.832 |  -141.600 |       101.2 |   -3.01 |  -7.94 |
  86.000 | 26.13092 | -0.844 |  -140.700 |       101.2 |   -3.05 |  -8.05 |
  86.500 | 26.06011 | -0.856 |  -139.800 |       101.2 |   -3.10 |  -8.16 |
  87.000 | 25.98833 | -0.867 |  -138.900 |       101.2 |   -3.14 |  -8.27 |
  87.500 | 25.91558 | -0.879 |  -138.100 |       101.1 |   -3.18 |  -8.38 |
  88.000 | 25.84188 | -0.890 |  -137.100 |       101.1 |   -3.23 |  -8.49 |
  88.500 | 25.76722 | -0.902 |  -136.200 |       101.1 |   -3.27 |  -8.60 |
  89.000 | 25.69162 | -0.913 |  -135.300 |       101.1 |   -3.31 |  -8.70 |
  89.500 | 25.61508 | -0.924 |  -134.400 |       101.1 |   -3.35 |  -8.81 |
  90.000 | 25.53760 | -0.935 |  -133.400 |       101.1 |   -3.40 |  -8.92 |
  90.500 | 25.45920 | -0.946 |  -132.400 |       101.1 |   -3.44 |  -9.02 |
  91.000 | 25.37988 | -0.957 |  -131.500 |       101.1 |   -3.48 |  -9.13 |
  91.500 | 25.29964 | -0.968 |  -130.500 |       101.1 |   -3.52 |  -9.23 |
  92.000 | 25.21850 | -0.979 |  -129.500 |       101.1 |   -3.56 |  -9.33 |
  92.500 | 25.13646 | -0.990 |  -128.500 |       101.1 |   -3.60 |  -9.43 |
  93.000 | 25.05353 | -1.001 |  -127.400 |       101.1 |   -3.64 |  -9.53 |
  93.500 | 24.96971 | -1.011 |  -126.400 |       101.1 |   -3.68 |  -9.64 |
  94.000 | 24.88502 | -1.022 |  -125.400 |       101.1 |   -3.72 |  -9.73 |
  94.500 | 24.79945 | -1.032 |  -124.300 |       101.0 |   -3.76 |  -9.83 |
  95.000 | 24.71303 | -1.042 |  -123.300 |       101.0 |   -3.80 |  -9.93 |
  95.500 | 24.62574 | -1.053 |  -122.200 |       101.0 |   -3.84 | -10.03 |
  96.000 | 24.53761 | -1.063 |  -121.100 |       101.0 |   -3.88 | -10.12 |
  96.500 | 24.44863 | -1.073 |  -120.000 |       101.0 |   -3.92 | -10.22 |
  97.000 | 24.35882 | -1.083 |  -118.900 |       101.0 |   -3.96 | -10.31 |
  97.500 | 24.26819 | -1.093 |  -117.800 |       101.0 |   -4.00 | -10.41 |
  98.000 | 24.17674 | -1.102 |  -116.700 |       101.0 |   -4.04 | -10.50 |
  98.500 | 24.08448 | -1.112 |  -115.600 |       101.0 |   -4.07 | -10.59 |
  99.000 | 23.99141 | -1.122 |  -114.400 |       101.0 |   -4.11 | -10.68 |
  99.500 | 23.89755 | -1.131 |  -113.300 |       101.0 |   -4.15 | -10.77 |
 100.000 | 23.80291 | -1.140 |  -112.100 |       101.0 |   -4.19 | -10.86 |
 100.500 | 23.70748 | -1.150 |  -110.900 |       101.0 |   -4.22 | -10.95 |
 101.000 | 23.61129 | -1.159 |  -109.800 |       100.9 |   -4.26 | -11.04 |
 101.500 | 23.51433 | -1.168 |  -108.600 |       100.9 |   -4.30 | -11.12 |
 102.000 | 23.41662 | -1.177 |  -107.400 |       100.9 |   -4.33 | -11.21 |
 102.500 | 23.31816 | -1.186 |  -106.200 |       100.9 |   -4.37 | -11.29 |
 103.000 | 23.21897 | -1.195 |  -105.000 |       100.9 |   -4.40 | -11.38 |
 103.500 | 23.11905 | -1.203 |  -103.800 |       100.9 |   -4.44 | -11.46 |
 104.000 | 23.01840 | -1.212 |  -102.600 |       100.9 |   -4.47 | -11.54 |
 104.500 | 22.91705 | -1.221 |  -101.300 |       100.9 |   -4.51 | -11.62 |
 105.000 | 22.81498 | -1.229 |  -100.100 |       100.9 |   -4.54 | -11.70 |
 105.500 | 22.71223 | -1.237 |   -98.800 |       100.9 |   -4.57 | -11.78 |
 106.000 | 22.60879 | -1.245 |   -97.600 |       100.9 |   -4.61 | -11.85 |
 106.500 | 22.50467 | -1.253 |   -96.300 |       100.9 |   -4.64 | -11.93 |
 107.000 | 22.39988 | -1.261 |   -95.100 |       100.9 |   -4.67 | -12.01 |
 107.500 | 22.29443 | -1.269 |   -93.800 |       100.8 |   -4.70 | -12.08 |
 108.000 | 22.18833 | -1.277 |   -92.500 |       100.8 |   -4.74 | -12.15 |
 108.500 | 22.08159 | -1.285 |   -91.200 |       100.8 |   -4.77 | -12.23 |
 109.000 | 21.97421 | -1.292 |   -89.900 |       100.8 |   -4.80 | -12.30 |
 109.500 | 21.86621 | -1.300 |   -88.600 |       100.8 |   -4.83 | -12.37 |
 110.000 | 21.75760 | -1.307 |   -87.300 |       100.8 |   -4.86 | -12.44 |
 110.500 | 21.64838 | -1.314 |   -86.000 |       100.8 |   -4.89 | -12.50 |
 111.000 | 21.53856 | -1.321 |   -84.700 |       100.8 |   -4.92 | -12.57 |
 111.500 | 21.42815 | -1.328 |   -83.400 |       100.8 |   -4.95 | -12.64 |
 112.000 | 21.31717 | -1.335 |   -82.100 |       100.8 |   -4.98 | -12.70 |
 112.500 | 21.20561 | -1.342 |   -80.700 |       100.8 |   -5.01 | -12.77 |
 113.000 | 21.09349 | -1.349 |   -79.400 |       100.8 |   -5.04 | -12.83 |
 113.500 | 20.98083 | -1.355 |   -78.100 |       100.8 |   -5.07 | -12.89 |
 114.000 | 20.86762 | -1.362 |   -76.700 |       100.8 |   -5.09 | -12.95 |
 114.500 | 20.75387 | -1.368 |   -75.400 |       100.7 |   -5.12 | -13.01 |
 115.000 | 20.63961 | -1.374 |   -74.000 |       100.7 |   -5.15 | -13.07 |
 115.500 | 20.52483 | -1.380 |   -72.600 |       100.7 |   -5.18 | -13.13 |
 116.000 | 20.40954 | -1.386 |   -71.300 |       100.7 |   -5.20 | -13.18 |
 116.500 | 20.29376 | -1.392 |   -69.900 |       100.7 |   -5.23 | -13.24 |
 117.000 | 20.17750 | -1.398 |   -68.500 |       100.7 |   -5.25 | -13.29 |
 117.500 | 20.06076 | -1.404 |   -67.200 |       100.7 |   -5.28 | -13.35 |
 118.000 | 19.94355 | -1.409 |   -65.800 |       100.7 |   -5.30 | -13.40 |
 118.500 | 19.82588 | -1.415 |   -64.400 |       100.7 |   -5.33 | -13.45 |
 119.000 | 19.70777 | -1.420 |   -63.000 |       100.7 |   -5.35 | -13.50 |
 119.500 | 19.58922 | -1.425 |   -61.600 |       100.7 |   -5.38 | -13.55 |
 120.000 | 19.47025 | -1.430 |   -60.300 |       100.7 |   -5.40 | -13.60 |
 120.500 | 19.35085 | -1.435 |   -58.900 |       100.6 |   -5.42 | -13.64 |
 121.000 | 19.23105 | -1.440 |   -57.500 |       100.6 |   -5.45 | -13.69 |
 121.500 | 19.11084 | -1.445 |   -56.100 |       100.6 |   -5.47 | -13.73 |
 122.000 | 18.99025 | -1.449 |   -54.700 |       100.6 |   -5.49 | -13.78 |
 122.500 | 18.86928 | -1.454 |   -53.300 |       100.6 |   -5.51 | -13.82 |
 123.000 | 18.74793 | -1.458 |   -51.900 |       100.6 |   -5.53 | -13.86 |
 123.500 | 18.62623 | -1.463 |   -50.500 |       100.6 |   -5.55 | -13.90 |
 124.000 | 18.50417 | -1.467 |   -49.100 |       100.6 |   -5.57 | -13.94 |
 124.500 | 18.38178 | -1.471 |   -47.600 |       100.6 |   -5.59 | -13.98 |
 125.000 | 18.25905 | -1.475 |   -46.200 |       100.6 |   -5.61 | -14.01 |
 125.500 | 18.13600 | -1.478 |   -44.800 |       100.6 |   -5.63 | -14.05 |
 126.000 | 18.01265 | -1.482 |   -43.400 |       100.6 |   -5.65 | -14.08 |
 126.500 | 17.88899 | -1.486 |   -42.000 |       100.6 |   -5.67 | -14.12 |
 127.000 | 17.76504 | -1.489 |   -40.600 |       100.6 |   -5.69 | -14.15 |
 127.500 | 17.64080 | -1.492 |   -39.200 |       100.5 |   -5.71 | -14.18 |
 128.000 | 17.51630 | -1.496 |   -37.800 |       100.5 |   -5.72 | -14.21 |
 128.500 | 17.39153 | -1.499 |   -36.300 |       100.5 |   -5.74 | -14.24 |
 129.000 | 17.26651 | -1.502 |   -34.900 |       100.5 |   -5.76 | -14.27 |
 129.500 | 17.14125 | -1.505 |   -33.500 |       100.5 |   -5.77 | -14.29 |
 130.000 | 17.01575 | -1.507 |   -32.100 |       100.5 |   -5.79 | -14.32 |
 130.500 | 16.89003 | -1.510 |   -30.700 |       100.5 |   -5.80 | -14.34 |
 131.000 | 16.76410 | -1.512 |   -29.300 |       100.5 |   -5.82 | -14.37 |
 131.500 | 16.63797 | -1.515 |   -27.800 |       100.5 |   -5.83 | -14.39 |
 132.000 | 16.51164 | -1.517 |   -26.400 |       100.5 |   -5.85 | -14.41 |
 132.500 | 16.38513 | -1.519 |   -25.000 |       100.5 |   -5.86 | -14.43 |
 133.000 | 16.25845 | -1.521 |   -23.600 |       100.5 |   -5.87 | -14.45 |
 133.500 | 16.13160 | -1.523 |   -22.200 |       100.5 |   -5.88 | -14.47 |
 134.000 | 16.00460 | -1.525 |   -20.800 |       100.5 |   -5.90 | -14.48 |
 134.500 | 15.87745 | -1.527 |   -19.400 |       100.4 |   -5.91 | -14.50 |
 135.000 | 15.75017 | -1.528 |   -18.000 |       100.4 |   -5.92 | -14.51 |
 135.500 | 15.62276 | -1.530 |   -16.600 |       100.4 |   -5.93 | -14.53 |
 136.000 | 15.49524 | -1.531 |   -15.200 |       100.4 |   -5.94 | -14.54 |
 136.500 | 15.36761 | -1.532 |   -13.700 |       100.4 |   -5.95 | -14.55 |
 137.000 | 15.23989 | -1.533 |   -12.300 |       100.4 |   -5.96 | -14.56 |
 137.500 | 15.11208 | -1.534 |   -10.900 |       100.4 |   -5.97 | -14.57 |
 138.000 | 14.98420 | -1.535 |    -9.600 |       100.4 |   -5.98 | -14.58 |
 138.500 | 14.85625 | -1.536 |    -8.200 |       100.4 |   -5.99 | -14.59 |
 139.000 | 14.72824 | -1.536 |    -6.800 |       100.4 |   -5.99 | -14.59 |
 139.500 | 14.60018 | -1.537 |    -5.400 |       100.4 |   -6.00 | -14.60 |
 140.000 | 14.47209 | -1.537 |    -4.000 |       100.4 |   -6.01 | -14.60 |
 140.500 | 14.34397 | -1.538 |    -2.600 |       100.4 |   -6.02 | -14.60 |
 141.000 | 14.21583 | -1.538 |    -1.200 |       100.4 |   -6.02 | -14.60 |
 141.500 | 14.08769 | -1.538 |     0.200 |       100.4 |   -6.03 | -14.60 |
 142.000 | 13.95954 | -1.538 |     1.500 |       100.3 |   -6.03 | -14.60 |
 142.500 | 13.83141 | -1.538 |     2.900 |       100.3 |   -6.04 | -14.60 |
 143.000 | 13.70329 | -1.537 |     4.300 |       100.3 |   -6.04 | -14.60 |
 143.500 | 13.57521 | -1.537 |     5.600 |       100.3 |   -6.05 | -14.59 |
 144.000 | 13.44716 | -1.536 |     7.000 |       100.3 |   -6.05 | -14.59 |
 144.500 | 13.31917 | -1.536 |     8.400 |       100.3 |   -6.05 | -14.58 |
 145.000 | 13.19123 | -1.535 |     9.700 |       100.3 |   -6.05 | -14.58 |
 145.500 | 13.06336 | -1.534 |    11.100 |       100.3 |   -6.06 | -14.57 |
 146.000 | 12.93556 | -1.533 |    12.400 |       100.3 |   -6.06 | -14.56 |
 146.500 | 12.80785 | -1.532 |    13.700 |       100.3 |   -6.06 | -14.55 |
 147.000 | 12.68024 | -1.531 |    15.100 |       100.3 |   -6.06 | -14.54 |
 147.500 | 12.55273 | -1.529 |    16.400 |       100.3 |   -6.06 | -14.52 |
 148.000 | 12.42534 | -1.528 |    17.700 |       100.3 |   -6.06 | -14.51 |
 148.500 | 12.29807 | -1.526 |    19.100 |       100.3 |   -6.06 | -14.50 |
 149.000 | 12.17093 | -1.525 |    20.400 |       100.3 |   -6.06 | -14.48 |
 149.500 | 12.04393 | -1.523 |    21.700 |       100.2 |   -6.06 | -14.46 |
 150.000 | 11.91708 | -1.521 |    23.000 |       100.2 |   -6.06 | -14.45 |
 150.500 | 11.79040 | -1.519 |    24.300 |       100.2 |   -6.05 | -14.43 |
 151.000 | 11.66388 | -1.517 |    25.600 |       100.2 |   -6.05 | -14.41 |
 151.500 | 11.53754 | -1.515 |    26.900 |       100.2 |   -6.05 | -14.39 |
 152.000 | 11.41139 | -1.513 |    28.200 |       100.2 |   -6.04 | -14.36 |
 152.500 | 11.28543 | -1.510 |    29.500 |       100.2 |   -6.04 | -14.34 |
 153.000 | 11.15968 | -1.508 |    30.800 |       100.2 |   -6.04 | -14.32 |
 153.500 | 11.03414 | -1.505 |    32.000 |       100.2 |   -6.03 | -14.29 |
 154.000 | 10.90882 | -1.502 |    33.300 |       100.2 |   -6.03 | -14.27 |
 154.500 | 10.78374 | -1.500 |    34.600 |       100.2 |   -6.02 | -14.24 |
 155.000 | 10.65889 | -1.497 |    35.800 |       100.2 |   -6.01 | -14.21 |
 155.500 | 10.53429 | -1.494 |    37.100 |       100.2 |   -6.01 | -14.18 |
 156.000 | 10.40995 | -1.490 |    38.300 |       100.2 |   -6.00 | -14.16 |
 156.500 | 10.28588 | -1.487 |    39.600 |       100.2 |   -5.99 | -14.12 |
 157.000 | 10.16208 | -1.484 |    40.800 |       100.2 |   -5.98 | -14.09 |
 157.500 | 10.03857 | -1.480 |    42.000 |       100.2 |   -5.98 | -14.06 |
 158.000 |  9.91535 | -1.477 |    43.300 |       100.2 |   -5.97 | -14.03 |
 158.500 |  9.79242 | -1.473 |    44.500 |       100.2 |   -5.96 | -13.99 |
 159.000 |  9.66981 | -1.469 |    45.700 |       100.1 |   -5.95 | -13.96 |
 159.500 |  9.54752 | -1.466 |    46.900 |       100.1 |   -5.94 | -13.92 |
 160.000 |  9.42555 | -1.462 |    48.100 |       100.1 |   -5.93 | -13.88 |
 160.500 |  9.30391 | -1.458 |    49.300 |       100.1 |   -5.92 | -13.84 |
 161.000 |  9.18262 | -1.453 |    50.500 |       100.1 |   -5.91 | -13.81 |
 161.500 |  9.06167 | -1.449 |    51.600 |       100.1 |   -5.89 | -13.77 |
 162.000 |  8.94109 | -1.445 |    52.800 |       100.1 |   -5.88 | -13.72 |
 162.500 |  8.82087 | -1.440 |    54.000 |       100.1 |   -5.87 | -13.68 |
 163.000 |  8.70103 | -1.436 |    55.100 |       100.1 |   -5.86 | -13.64 |
 163.500 |  8.58157 | -1.431 |    56.300 |       100.1 |   -5.84 | -13.60 |
 164.000 |  8.46250 | -1.426 |    57.400 |       100.1 |   -5.83 | -13.55 |
 164.500 |  8.34383 | -1.422 |    58.500 |       100.1 |   -5.81 | -13.51 |
 165.000 |  8.22556 | -1.417 |    59.700 |       100.1 |   -5.80 | -13.46 |
 165.500 |  8.10771 | -1.412 |    60.800 |       100.1 |   -5.78 | -13.41 |
 166.000 |  7.99028 | -1.407 |    61.900 |       100.1 |   -5.77 | -13.36 |
 166.500 |  7.87328 | -1.401 |    63.000 |       100.1 |   -5.75 | -13.31 |
 167.000 |  7.75672 | -1.396 |    64.100 |       100.1 |   -5.73 | -13.26 |
 167.500 |  7.64061 | -1.391 |    65.200 |       100.1 |   -5.72 | -13.21 |
 168.000 |  7.52495 | -1.385 |    66.300 |       100.1 |   -5.70 | -13.16 |
 168.500 |  7.40974 | -1.380 |    67.400 |       100.1 |   -5.68 | -13.11 |
 169.000 |  7.29501 | -1.374 |    68.500 |       100.1 |   -5.66 | -13.06 |
 169.500 |  7.18075 | -1.368 |    69.500 |       100.0 |   -5.65 | -13.00 |
 170.000 |  7.06698 | -1.362 |    70.600 |       100.0 |   -5.63 | -12.95 |
 170.500 |  6.95369 | -1.356 |    71.600 |       100.0 |   -5.61 | -12.89 |
 171.000 |  6.84090 | -1.350 |    72.700 |       100.0 |   -5.59 | -12.83 |
 171.500 |  6.72862 | -1.344 |    73.700 |       100.0 |   -5.57 | -12.78 |
 172.000 |  6.61685 | -1.338 |    74.700 |       100.0 |   -5.55 | -12.72 |
 172.500 |  6.50559 | -1.332 |    75.700 |       100.0 |   -5.52 | -12.66 |
 173.000 |  6.39487 | -1.326 |    76.800 |       100.0 |   -5.50 | -12.60 |
 173.500 |  6.28467 | -1.319 |    77.800 |       100.0 |   -5.48 | -12.54 |
 174.000 |  6.17502 | -1.313 |    78.800 |       100.0 |   -5.46 | -12.48 |
 174.500 |  6.06591 | -1.306 |    79.700 |       100.0 |   -5.44 | -12.42 |
 175.000 |  5.95736 | -1.299 |    80.700 |       100.0 |   -5.41 | -12.35 |
 175.500 |  5.84937 | -1.293 |    81.700 |       100.0 |   -5.39 | -12.29 |
 176.000 |  5.74194 | -1.286 |    82.700 |       100.0 |   -5.36 | -12.22 |
 176.500 |  5.63509 | -1.279 |    83.600 |       100.0 |   -5.34 | -12.16 |
 177.000 |  5.52882 | -1.272 |    84.600 |       100.0 |   -5.32 | -12.09 |
 177.500 |  5.42314 | -1.265 |    85.500 |       100.0 |   -5.29 | -12.03 |
 178.000 |  5.31805 | -1.257 |    86.400 |       100.0 |   -5.26 | -11.96 |
 178.500 |  5.21356 | -1.250 |    87.400 |       100.0 |   -5.24 | -11.89 |
 179.000 |  5.10968 | -1.243 |    88.300 |       100.0 |   -5.21 | -11.82 |
 179.500 |  5.00641 | -1.236 |    89.200 |       100.0 |   -5.19 | -11.75 |
 180.000 |  4.90376 | -1.228 |    90.100 |       100.0 |   -5.16 | -11.68 |
 180.500 |  4.80173 | -1.221 |    91.000 |       100.0 |   -5.13 | -11.61 |
 181.000 |  4.70034 | -1.213 |    91.900 |       100.0 |   -5.10 | -11.54 |
 181.500 |  4.59959 | -1.205 |    92.700 |       100.0 |   -5.07 | -11.46 |
 182.000 |  4.49948 | -1.197 |    93.600 |       100.0 |   -5.05 | -11.39 |
 182.500 |  4.40002 | -1.190 |    94.500 |       100.0 |   -5.02 | -11.32 |
 183.000 |  4.30121 | -1.182 |    95.300 |       100.0 |   -4.99 | -11.24 |
 183.500 |  4.20307 | -1.174 |    96.200 |       100.0 |   -4.96 | -11.17 |
 184.000 |  4.10560 | -1.166 |    97.000 |        99.9 |   -4.93 | -11.09 |
 184.500 |  4.00880 | -1.158 |    97.800 |        99.9 |   -4.90 | -11.01 |
 185.000 |  3.91268 | -1.149 |    98.600 |        99.9 |   -4.87 | -10.94 |
 185.500 |  3.81724 | -1.141 |    99.400 |        99.9 |   -4.84 | -10.86 |
 186.000 |  3.72249 | -1.133 |   100.200 |        99.9 |   -4.80 | -10.78 |
 186.500 |  3.62844 | -1.124 |   101.000 |        99.9 |   -4.77 | -10.70 |
 187.000 |  3.53509 | -1.116 |   101.800 |        99.9 |   -4.74 | -10.62 |
 187.500 |  3.44245 | -1.107 |   102.600 |        99.9 |   -4.71 | -10.54 |
 188.000 |  3.35052 | -1.099 |   103.400 |        99.9 |   -4.67 | -10.46 |
 188.500 |  3.25931 | -1.090 |   104.100 |        99.9 |   -4.64 | -10.38 |
 189.000 |  3.16882 | -1.082 |   104.900 |        99.9 |   -4.61 | -10.29 |
 189.500 |  3.07906 | -1.073 |   105.600 |        99.9 |   -4.57 | -10.21 |
 190.000 |  2.99003 | -1.064 |   106.400 |        99.9 |   -4.54 | -10.13 |
 190.500 |  2.90175 | -1.055 |   107.100 |        99.9 |   -4.50 | -10.04 |
 191.000 |  2.81420 | -1.046 |   107.800 |        99.9 |   -4.47 |  -9.96 |
 191.500 |  2.72741 | -1.037 |   108.500 |        99.9 |   -4.43 |  -9.87 |
 192.000 |  2.64136 | -1.028 |   109.200 |        99.9 |   -4.40 |  -9.79 |
 192.500 |  2.55608 | -1.019 |   109.900 |        99.9 |   -4.36 |  -9.70 |
 193.000 |  2.47156 | -1.010 |   110.600 |        99.9 |   -4.33 |  -9.61 |
 193.500 |  2.38781 | -1.000 |   111.300 |        99.9 |   -4.29 |  -9.53 |
 194.000 |  2.30483 | -0.991 |   112.000 |        99.9 |   -4.25 |  -9.44 |
 194.500 |  2.22262 | -0.982 |   112.600 |        99.9 |   -4.21 |  -9.35 |
 195.000 |  2.14120 | -0.972 |   113.300 |        99.9 |   -4.18 |  -9.26 |
 195.500 |  2.06057 | -0.963 |   113.900 |        99.9 |   -4.14 |  -9.17 |
 196.000 |  1.98073 | -0.953 |   114.600 |        99.9 |   -4.10 |  -9.08 |
 196.500 |  1.90168 | -0.944 |   115.200 |        99.9 |   -4.06 |  -8.99 |
 197.000 |  1.82344 | -0.934 |   115.800 |        99.9 |   -4.02 |  -8.90 |
 197.500 |  1.74599 | -0.924 |   116.400 |        99.9 |   -3.98 |  -8.81 |
 198.000 |  1.66936 | -0.915 |   117.000 |        99.9 |   -3.94 |  -8.71 |
 198.500 |  1.59354 | -0.905 |   117.600 |        99.9 |   -3.91 |  -8.62 |
 199.000 |  1.51853 | -0.895 |   118.200 |        99.9 |   -3.87 |  -8.53 |
 199.500 |  1.44435 | -0.885 |   118.800 |        99.9 |   -3.82 |  -8.43 |
 200.000 |  1.37099 | -0.875 |   119.400 |        99.9 |   -3.78 |  -8.34 |
 200.500 |  1.29846 | -0.865 |   119.900 |        99.9 |   -3.74 |  -8.25 |
 201.000 |  1.22676 | -0.855 |   120.500 |        99.9 |   -3.70 |  -8.15 |
 201.500 |  1.15590 | -0.845 |   121.100 |        99.9 |   -3.66 |  -8.06 |
 202.000 |  1.08588 | -0.835 |   121.600 |        99.9 |   -3.62 |  -7.96 |
 202.500 |  1.01671 | -0.825 |   122.100 |        99.9 |   -3.58 |  -7.86 |
 203.000 |  0.94838 | -0.815 |   122.600 |        99.9 |   -3.54 |  -7.77 |
 203.500 |  0.88090 | -0.805 |   123.200 |        99.9 |   -3.49 |  -7.67 |
 204.000 |  0.81428 | -0.794 |   123.700 |        99.9 |   -3.45 |  -7.57 |
 204.500 |  0.74852 | -0.784 |   124.200 |        99.9 |   -3.41 |  -7.47 |
 205.000 |  0.68362 | -0.774 |   124.700 |        99.9 |   -3.36 |  -7.37 |
 205.500 |  0.61959 | -0.763 |   125.100 |        99.8 |   -3.32 |  -7.28 |
 206.000 |  0.55643 | -0.753 |   125.600 |        99.8 |   -3.28 |  -7.18 |
 206.500 |  0.49414 | -0.742 |   126.100 |        99.8 |   -3.23 |  -7.08 |
 207.000 |  0.43272 | -0.732 |   126.500 |        99.8 |   -3.19 |  -6.98 |
 207.500 |  0.37218 | -0.721 |   127.000 |        99.8 |   -3.14 |  -6.88 |
 208.000 |  0.31253 | -0.711 |   127.400 |        99.8 |   -3.10 |  -6.78 |
 208.500 |  0.25375 | -0.700 |   127.900 |        99.8 |   -3.05 |  -6.67 |
 209.000 |  0.19587 | -0.689 |   128.300 |        99.8 |   -3.01 |  -6.57 |
 209.500 |  0.13888 | -0.679 |   128.700 |        99.8 |   -2.96 |  -6.47 |
 210.000 |  0.08278 | -0.668 |   129.100 |        99.8 |   -2.92 |  -6.37 |
 210.500 |  0.02758 | -0.657 |   129.500 |        99.8 |   -2.87 |  -6.27 |
 211.000 | -0.02672 | -0.646 |   129.900 |        99.8 |   -2.83 |  -6.16 |
 211.500 | -0.08012 | -0.635 |   130.300 |        99.8 |   -2.78 |  -6.06 |
 212.000 | -0.13262 | -0.625 |   130.700 |        99.8 |   -2.73 |  -5.96 |
 212.500 | -0.18421 | -0.614 |   131.100 |        99.8 |   -2.69 |  -5.85 |
 213.000 | -0.23488 | -0.603 |   131.500 |        99.8 |   -2.64 |  -5.75 |
 213.500 | -0.28465 | -0.592 |   131.800 |        99.8 |   -2.59 |  -5.64 |
 214.000 | -0.33350 | -0.581 |   132.200 |        99.8 |   -2.55 |  -5.54 |
 214.500 | -0.38143 | -0.570 |   132.500 |        99.8 |   -2.50 |  -5.43 |
 215.000 | -0.42844 | -0.559 |   132.800 |        99.8 |   -2.45 |  -5.33 |
 215.500 | -0.47453 | -0.548 |   133.200 |        99.8 |   -2.40 |  -5.22 |
 216.000 | -0.51969 | -0.536 |   133.500 |        99.8 |   -2.36 |  -5.12 |
 216.500 | -0.56393 | -0.525 |   133.800 |        99.8 |   -2.31 |  -5.01 |
 217.000 | -0.60723 | -0.514 |   134.100 |        99.8 |   -2.26 |  -4.91 |
 217.500 | -0.64961 | -0.503 |   134.400 |        99.8 |   -2.21 |  -4.80 |
 218.000 | -0.69105 | -0.492 |   134.700 |        99.8 |   -2.16 |  -4.69 |
 218.500 | -0.73156 | -0.480 |   134.900 |        99.8 |   -2.11 |  -4.59 |
 219.000 | -0.77113 | -0.469 |   135.200 |        99.8 |   -2.07 |  -4.48 |
 219.500 | -0.80976 | -0.458 |   135.500 |        99.8 |   -2.02 |  -4.37 |
 220.000 | -0.84745 | -0.447 |   135.700 |        99.8 |   -1.97 |  -4.26 |
 220.500 | -0.88420 | -0.435 |   136.000 |        99.8 |   -1.92 |  -4.15 |
 221.000 | -0.92000 | -0.424 |   136.200 |        99.8 |   -1.87 |  -4.05 |
 221.500 | -0.95486 | -0.413 |   136.500 |        99.8 |   -1.82 |  -3.94 |
 222.000 | -0.98877 | -0.401 |   136.700 |        99.8 |   -1.77 |  -3.83 |
 222.500 | -1.02173 | -0.390 |   136.900 |        99.8 |   -1.72 |  -3.72 |
 223.000 | -1.05374 | -0.378 |   137.200 |        99.8 |   -1.67 |  -3.61 |
 223.500 | -1.08480 | -0.367 |   137.300 |        99.8 |   -1.62 |  -3.50 |
 224.000 | -1.11490 | -0.356 |   137.500 |        99.8 |   -1.57 |  -3.39 |
 224.500 | -1.14405 | -0.344 |   137.700 |        99.8 |   -1.52 |  -3.28 |
 225.000 | -1.17225 | -0.333 |   138.000 |        99.8 |   -1.47 |  -3.17 |
 225.500 | -1.19948 | -0.321 |   138.100 |        99.8 |   -1.42 |  -3.06 |
 226.000 | -1.22576 | -0.310 |   138.300 |        99.8 |   -1.37 |  -2.96 |
 226.500 | -1.25107 | -0.298 |   138.400 |        99.7 |   -1.32 |  -2.85 |
 227.000 | -1.27543 | -0.286 |   138.500 |        99.7 |   -1.27 |  -2.74 |
 227.500 | -1.29882 | -0.275 |   138.900 |        99.8 |   -1.22 |  -2.62 |
 228.000 | -1.32125 | -0.263 |   139.000 |        99.8 |   -1.16 |  -2.51 |
 228.500 | -1.34271 | -0.252 |   139.100 |        99.8 |   -1.11 |  -2.40 |
 229.000 | -1.36320 | -0.240 |   139.200 |        99.7 |   -1.06 |  -2.29 |
 229.500 | -1.38273 | -0.229 |   139.200 |        99.7 |   -1.01 |  -2.18 |
 230.000 | -1.40130 | -0.217 |   139.800 |        99.8 |   -0.96 |  -2.07 |
 230.500 | -1.41889 | -0.205 |   139.900 |        99.8 |   -0.91 |  -1.96 |
 231.000 | -1.43551 | -0.194 |   140.000 |        99.8 |   -0.86 |  -1.85 |
 231.500 | -1.45116 | -0.182 |   140.000 |        99.8 |   -0.81 |  -1.74 |
 232.000 | -1.46583 | -0.170 |   139.900 |        99.7 |   -0.75 |  -1.63 |
 232.500 | -1.47954 | -0.159 |   142.000 |       100.0 |   -0.70 |  -1.51 |
 233.000 | -1.49226 | -0.147 |   142.600 |       100.0 |   -0.65 |  -1.40 |
 233.500 | -1.50398 | -0.135 |   143.400 |       100.1 |   -0.60 |  -1.29 |
 234.000 | -1.51471 | -0.123 |   143.800 |       100.1 |   -0.54 |  -1.17 |
 234.500 | -1.52443 | -0.110 |   162.700 |       102.3 |   -0.49 |  -1.05 |
 235.000 | -1.53301 | -0.096 |   184.900 |       105.0 |   -0.42 |  -0.91 |
 235.500 | -1.54024 | -0.077 |   262.800 |       115.2 |   -0.34 |  -0.73 |
 236.000 | -1.54505 | -0.030 |   851.300 |       294.6 |   -0.14 |  -0.29 |
 236.500 | -1.54562 |  0.005 |     0.000 |        85.5 |    0.02 |   0.05 |
--------------------------------------------------------------------------------
 19 $VIRTUAL_19   CODE= 21   CONNECTIONS =     1   -2
 ***************

 INPUT PARAMETERS:
   INITIAL VOLUME       =   229.     (mm3)
   VAPOUR PRESSURE      =  0.100E-02 (bar)
--------------------------------------------------------------------------------


                            INITIAL CONDITIONS
                            ==================
--------------|--------------|--------------|--------------|--------------|--------------|
  No. Axis    |    COORD.    |   VELOCITY   |   PRESSURE   |     FLOW     | TEMPERATURE  |
              |   (mm,deg)   |  (m/s,rpm)   |    (bar)     |    (mm3/s)   |     (K)      |
             -|-            -|-            -|-            -|-            -|-            -|
    4 x  IN ->|    0.000     |    0.000     |    76.00     |    0.000     |   353.150    |
         OUT->|    0.000     |    0.000     |    76.00     |    0.000     |   353.150    |
             -|-            -|-            -|-            -|-            -|-            -|
    5 x  IN ->|  -0.3810E-02 |    0.000     |    0.000     |    0.000     |   0.00000    |
         OUT->|  -0.3810E-02 |    0.000     |    0.000     |    0.000     |   0.00000    |
             -|-            -|-            -|-            -|-            -|-            -|
   10 x  IN ->|    0.000     |    0.000     |    76.00     |    0.000     |   353.150    |
         OUT->|    0.000     |    0.000     |    76.00     |    0.000     |   353.150    |
             -|-            -|-            -|-            -|-            -|-            -|
   12 x  IN ->|    0.000     |    0.000     |    5.700     |    0.000     |   353.150    |
         OUT->|    0.000     |    0.000     |    5.700     |    0.000     |   353.150    |
             -|-            -|-            -|-            -|-            -|-            -|
   16 x  IN ->|    0.000     |    0.000     |    1.000     |    0.000     |   293.150    |
         OUT->|    0.000     |    0.000     |    1.000     |    0.000     |   293.150    |
             -|-            -|-            -|-            -|-            -|-            -|
   19 x  IN ->|    0.000     |    0.000     |    40.85     |    0.000     |   353.150    |
         OUT->|    0.000     |    0.000     |    40.85     |    0.000     |   353.150    |
             -|-            -|-            -|-            -|-            -|-            -|


                             SYSTEM MAP
                             ==========

   No.  EQUIPMENT-NAME  CODE                       counters                                           CONNECTIONS
 |-----|--------------|-----|----IPR-IPL1-IPL2-IPL3--IPC-IPMA-IPMD--IPS-IPSE-IPAG|--------------------------------------------------|
 |   1 | InjPipe      |  23 |     0    1    0    0    0    0    0    0    0    0 |   12  -19    0    0    0    0    0    0    0    0|
 |   2 | CylHeBo1     |  23 |     0    2    0    0    0    0    0    0    0    0 |   19  -10    0    0    0    0    0    0    0    0|
 |   3 | Pressure_Tem |   5 |     1    0    0    0    1    0    0    0    0    0 |   13    6  -17    0    0    0    0    0    0    0|
 |   4 | Nozzlevol    |  21 |     0    0    0    0    2    0    0    0    0    0 |    7   -5   -8   -6    0    0    0    0    0    0|
 |   5 | Needle       |  52 |     0    0    0    0    3    0    0    0    0    0 |    4   -9    0    0    0    0    0    0    0    0|
 |   6 | NeeLeak      |  38 |     0    0    0    0    0    0    0    0    0    1 |    4   -3    0    0    0    0    0    0    0    0|
 |   7 | InjBore      |  23 |     0    3    0    0    0    0    0    0    0    0 |   10   -4    0    0    0    0    0    0    0    0|
 |   8 | SAC_Orifice  |  57 |     0    0    0    0    0    0    0    0    0    0 |    4  -15    0    0    0    0    0    0    0    0|
 |   9 | NozzHol      |   0 |     2    0    0    0    4    0    0    0    0    0 |    5    0    0    0    0    0    0    0    0    0|
 |  10 | InjVol       |  21 |     0    0    0    0    5    0    0    0    0    0 |    2   -7    0    0    0    0    0    0    0    0|
 |  11 | Plunger      |  30 |     0    0    0    0    6    0    0    0    0    0 |   18  -12    0    0    0    0    0    0    0    0|
 |  12 | Pump_Volume  |  21 |     0    0    0    0    7    0    0    0    0    0 |   11   14  -13   -1    0    0    0    0    0    0|
 |  13 | Plunger_Leak |  38 |     0    0    0    0    0    0    0    0    0    2 |   12   -3    0    0    0    0    0    0    0    0|
 |  14 | CutOffVa     |  44 |     0    0    0    0    0    0    0    0    0    0 |   16  -12    0    0    0    0    0    0    0    0|
 |  15 | BoschBP      |   5 |     3    0    0    0    8    0    0    0    0    0 |    8    0    0    0    0    0    0    0    0    0|
 |  16 | BackPvol     |  21 |     0    0    0    0    9    0    0    0    0    0 |   17  -14    0    0    0    0    0    0    0    0|
 |  17 | BPLine       |  23 |     0    4    0    0    0    0    0    0    0    0 |    3  -16    0    0    0    0    0    0    0    0|
 |  18 | Cam_Profile  |  12 |     4    0    0    0   10    0    0    0    0    0 |  -11    0    0    0    0    0    0    0    0    0|
 |  19 | $VIRTUAL_19  |  21 |     0    0    0    0   11    0    0    0    0    0 |    1   -2    0    0    0    0    0    0    0    0|
 |-----|--------------|-----|----IPR-IPL1-IPL2-IPL3--IPC-IPMA-IPMD--IPS-IPSE-IPAG|--------------------------------------------------|
