
 o------------------------------------------------------------o
 | AVL BOOST Hydsim / FixStep solver / v2020.1 / March 2020 |
 o------------------------------------------------------------o

                        DIMENSIONS
                        ==========

  Max number of elements (EQUIPMENTs)             999
  Max number of 1st order diff. equations         999
  Max number of BOUNDARY-type elements            100
  Max number of boundary values per element      7200
  Max number of rows in var. connection table     100
  Max number of rows in var. fluid prop. table     50
  Max number of sets in SEARCH/ADJUST-PARAMETER    10
  Max number of optimized parameters in one set    20

  - - - - - - - - - - - - - - - - - - - - - - - - - -

  LINE - d"Alembert solution, Laplace transform 
         and method of characteristics:
  Max number of calculation steps along line    *****

  LINE - Max number of discrete line cells:
         Method of characteristics               5000
         1st order Godunov method               10000
         2nd order MacCormack scheme            10000

  LINE - frictional losses (Melcher"s method):
  Max number of roots of BESSEL function           20

------------------------------------------------------------------------


                       DATA LISTING
                       ============

 TOTAL NUMBER OF ELEMENTS                       =  17
 NUMBER OF BOUNDARY ELEMENTS                    =   4
 NUMBER OF d"ALEMBERT & LAPLACE LINE ELEMENTS   =   1
 NUMBER OF CHARACTERISTICS LINE ELEMENTS        =   1
 NUMBER OF LEAKAGE ELEMENTS                     =   1
 NUMBER OF SINGLE-PHASE VOLUME ELEMENTS         =   4


 VALUES FOR CALCULATION CONTROL:
 ==============================

 REFERENCE SPEED            =   500.00000 rpm
 ENGINE SPEED               =  1000.00000 rpm
 CRANK ANGLE AT CALC. START =    0.00     deg BTDC

 SOLVER TYPE:
   RUNGE-KUTTA-GILL 4th order (RKG4), FIXED STEP

 CALCULATION INTERVAL No  1:
   CALCULATION START TIME   =  0.0000     s
   TIME STEP                = .500000E-06 s
   CALCULATION END TIME     = 0.16667E-01 s
   NUMBER OF STORED VALUES  =   250



 SIMULATION MODE
 ===============

  FLOW TYPE: ISOTHERMAL
  CONNECTION TREATMENT: INSERT VIRTUAL VOLUMES
  ORIFICE FLOW: USE ORIGINAL VALUE FROM RKG4


 GLOBAL FLUID PROPERTIES (CONSTANT):
 ==================================

 BULK MODULUS          =   1386.000 (N/mm2)
 VELOCITY OF SOUND     =   1300.090 (m/s)
 MASS DENSITY          =    820.000 (kg/m3)
 KINEMATIC VISCOSITY   =      3.000 (cSt)
 DYNAMIC VISCOSITY     =   0.002460 (Ns/m2)
 SURFACE TENSION       =   0.000029 (N/mm)
 REFERENCE PRESSURE    =   1.000000 (bar)


 THERMAL FLUID PROPERTIES (CONSTANT):
 ===================================

 SPECIFIC HEAT CAPACITY  =   1960.000 (J/kgK)
 THERMAL EXPANSION COEF. =      0.001 (1/K)
 THERMAL CONDUCTIVITY    =      0.145 (W/mK)
 REFERENCE TEMPERATURE   =    293.150 (K)


 CYLINDER CHARGE PROPERTIES (LOCAL):
 ==================================

   REFERENCE TEMPERATURE  =    293.150 K
   SPECIFIC HEAT RATIO    =      1.400 -

--------------|--------------|--------------|
   PRESSURE   |    DENSITY   |KIN. VISCOSITY|
      bar     |     kg/m3    |      cSt     |
--------------|--------------|--------------|
        1.000 |        0.737 |        5.500 |
        5.000 |        3.682 |        5.500 |
       10.000 |        7.348 |        5.500 |
       20.000 |       14.635 |        5.500 |
       40.000 |       29.036 |        5.500 |
       60.000 |       33.197 |        5.500 |
       80.000 |       37.143 |        5.500 |
      100.000 |       50.872 |        5.500 |


 EQUIPMENT (ELEMENTS):
 ====================

--------------------------------------------------------------------------------
  1 Cam Profile   CODE= 12   CONNECTIONS =    -2
 ***************

 INPUT PARAMETERS:
   TRANSMISSION RATIO         =      1.000 (-)
   RADIUS OF CAM BASE CIRCLE  =     47.500 (mm)
   RADIUS OF ROLLER           =     27.500 (mm)
   INITIAL LIFT OF FOLLOWER   =      0.000 (mm)
   ECCENTRICITY OF FOLLOWER   =      0.000 (mm)
   INITIAL LIFT OF FOLLOWER   =      0.000 (mm)
   INITIAL FOLLOWER VELOCITY  = 0.0000     (m/s)
   SHIFT ANGLE OF CAM PROFILE = 

 FOLLOWER UNIT VECTOR IN SHAFT COORDINATE SYSTEM:
   GLOBAL X COORDINATE  =      1.000
   GLOBAL Y COORDINATE  =      0.000
   GLOBAL W COORDINATE  =      0.000

 MECHANICAL CONNECTION DATA:
 CONNECTION x TO  2 =F0 = 0.00     N  C = 0.150E+06 N/mm  D = 800.     Ns/m

 CAM PROFILE DATA:
---------|----------|--------|-----------|-------------|---------|--------|
 CAMANGLE|   LIFT   | V-1000 |   A-1000  |     RHO     |   BETA  |   FN   |
   (deg) |   (mm)   | (m/s)  |   (m/s2)  |     (mm)    |  (deg)  |  (mm)  |
---------|----------|--------|-----------|-------------|---------|--------|
   1.000 |  0.00381 |  0.069 |   823.094 |   -134248.0 |    0.50 |   0.65 |
   2.000 |  0.02668 |  0.206 |   824.975 |    -56987.0 |    1.50 |   1.97 |
   3.000 |  0.07248 |  0.344 |   828.120 |    -36247.5 |    2.50 |   3.28 |
   4.000 |  0.14128 |  0.482 |   832.538 |    -26682.9 |    3.51 |   4.59 |
   5.000 |  0.23322 |  0.621 |   838.248 |    -21183.1 |    4.51 |   5.91 |
   6.000 |  0.34844 |  0.762 |   845.269 |    -17638.9 |    5.51 |   7.24 |
   7.000 |  0.48715 |  0.903 |   853.629 |    -15171.7 |    6.52 |   8.57 |
   8.000 |  0.64959 |  1.046 |   863.359 |    -13367.3 |    7.52 |   9.91 |
   9.000 |  0.83600 |  1.191 |   874.498 |    -11994.6 |    8.53 |  11.25 |
  10.000 |  1.04672 |  1.338 |   887.087 |    -10926.0 |    9.54 |  12.60 |
  11.000 |  1.28209 |  1.487 |   901.176 |    -10075.6 |   10.54 |  13.96 |
  12.000 |  1.54249 |  1.638 |   916.820 |     -9389.4 |   11.55 |  15.33 |
  13.000 |  1.82837 |  1.793 |   934.083 |     -8827.8 |   12.56 |  16.71 |
  14.000 |  2.14021 |  1.950 |   953.033 |     -8366.6 |   13.57 |  18.10 |
  15.000 |  2.47852 |  2.110 |   973.748 |     -7985.9 |   14.58 |  19.50 |
  16.000 |  2.84390 |  2.275 |   996.314 |     -7671.7 |   15.59 |  20.92 |
  17.000 |  3.23696 |  2.443 |  1020.830 |     -7410.7 |   16.60 |  22.35 |
  18.000 |  3.65838 |  2.615 |  1047.390 |     -7202.6 |   17.61 |  23.80 |
  19.000 |  4.10891 |  2.792 |  1076.120 |     -7034.0 |   18.63 |  25.27 |
  20.000 |  4.58934 |  2.974 |  1107.150 |     -6899.2 |   19.64 |  26.75 |
  21.000 |  5.10053 |  3.161 |  1140.610 |     -6800.9 |   20.65 |  28.25 |
  22.000 |  5.64342 |  3.354 |  1176.660 |     -6732.9 |   21.66 |  29.77 |
  23.000 |  6.21901 |  3.554 |  1215.470 |     -6693.5 |   22.68 |  31.31 |
  24.000 |  6.82838 |  3.760 |  1257.230 |     -6679.8 |   23.69 |  32.88 |
  25.000 |  7.47268 |  3.973 |  1302.150 |     -6689.6 |   24.70 |  34.47 |
  26.000 |  8.15317 |  4.194 |  1350.440 |     -6730.0 |   25.72 |  36.08 |
  27.000 |  8.87119 |  4.424 |  1402.370 |     -6792.3 |   26.73 |  37.73 |
  27.300 |  9.09413 |  4.494 |  1418.690 |     -6817.9 |   27.04 |  38.23 |
  30.300 | 11.42689 |  4.654 |  -780.000 |        24.7 |   27.21 |  39.52 |
  40.000 | 17.93112 |  3.393 |  -780.000 |        27.5 |   19.22 |  30.59 |
  41.200 | 18.58791 |  3.144 | -1704.000 |        10.3 |   17.79 |  28.59 |
  41.500 | 18.74299 |  3.059 | -1709.260 |        10.2 |   17.31 |  27.89 |
  42.000 | 18.99196 |  2.916 | -1717.180 |        10.0 |   16.50 |  26.70 |
  43.000 | 19.45409 |  2.629 | -1731.900 |         9.7 |   14.88 |  24.26 |
  44.000 | 19.86811 |  2.339 | -1745.130 |         9.4 |   13.25 |  21.74 |
  45.000 | 20.23366 |  2.047 | -1756.850 |         9.1 |   11.60 |  19.15 |
  46.000 | 20.55041 |  1.754 | -1767.050 |         8.9 |    9.94 |  16.49 |
  47.000 | 20.81809 |  1.458 | -1775.720 |         8.7 |    8.27 |  13.78 |
  48.000 | 21.03645 |  1.162 | -1782.870 |         8.5 |    6.59 |  11.02 |
  49.000 | 21.20530 |  0.864 | -1788.470 |         8.4 |    4.90 |   8.22 |
  50.000 | 21.32447 |  0.566 | -1792.520 |         8.3 |    3.21 |   5.39 |
  51.000 | 21.39386 |  0.267 | -1795.030 |         8.2 |    1.51 |   2.55 |
  52.000 | 21.41339 | -0.032 | -1795.990 |         8.2 |   -0.18 |  -0.31 |
--------------------------------------------------------------------------------
  2 Plunger       CODE= 30   CONNECTIONS =     1   -4
 ***************

 INPUT PARAMETERS:
   MOVING MASS                  =   999.     (g)
   COULOMB FRICTION FORCE       =   0.00     (N)
   PLUNGER DIAMETER             =   17.0     (mm) 
   PRESSURE IN CAM CHAMBER      =   1.50     (bar)

 PLUNGER SPRING PRELOAD         =  0.112E+04 (N)
                STIFFNESS       =   40.0     (N/mm)
                DAMPING         =   10.0     (Ns/m)

 SPECIAL CONNECTION TO ELEMENT(S) No. =>    3

 ELEMENT UNIT VECTOR IN GLOBAL COORDINATE SYSTEM:
   GLOBAL X COORDINATE  =      1.000
   GLOBAL Y COORDINATE  =      0.000
   GLOBAL W COORDINATE  =      0.000

 MECHANICAL CONNECTION DATA:
 CONNECTION x TO  1 => F0 = 0.00     N  C = 0.150E+06 N/mm  D = 800.     Ns/m
--------------------------------------------------------------------------------
  3 Spill Port    CODE= 35   CONNECTIONS =     4  -14
 ***************

 INPUT PARAMETERS:
   PORT DIAMETER        =     6.000 (mm)
   NUMBER OF PORTS      =  2

 PLUNGER DATA:
   PLUNGER DIAMETER WAS TAKEN FROM CONNECTED PISTON-TYPE ELEMENT
   PRE-STROKE              =     6.000 (mm)
   EFFECTIVE STROKE        =     8.000 (mm)
   SPILL HELIX ANGLE (1st) =    43.000 (deg)
   SPILL HELIX ANGLE (2nd) =     0.000 (deg)
   HELIX SLOT WIDTH        =    20.000 (mm)
   AREA OF GROOVE/BORE     =    30.000 (mm2)

 SPECIAL CONNECTION TO PLUNGER ELEMENT No.  2

 FLOW RESISTANCE OF PORT CALCULATED INTERNALLY

--------------------------------------------------------------------------------
  4 Pump Chamber  CODE= 21   CONNECTIONS =     2   12   -5   -3
 ***************

 INPUT PARAMETERS:
   INITIAL VOLUME       =  0.700E+04 (mm3)
   VAPOUR PRESSURE      =  0.100E-02 (bar)
--------------------------------------------------------------------------------
  5 Delivery      CODE= 40   CONNECTIONS =     4   -6
 ***************

 INPUT PARAMETERS:
   MOVING BODY MASS         =   5.00     (g)
   VALVE SEAT DIAMETER      =   8.00     (mm)
   VALVE STEM DIAMETER      =   8.00     (mm)
   COULOMB FRICTION FORCE   =   0.00     (N)
   FLOW RESISTANCE AT SEAT  =   2.80     (-)
   VALVE OPENING PRESSURE   =   20.0     (bar)
   VALVE SPRING STIFFNESS   =   20.0     (N/mm)
                DAMPING     =   1.00     (Ns/m)
   VALVE BODY LIFT          =  0.700     (mm)

 LINEAR SEAT/STOP MODEL
   VALVE SEAT STIFFNESS     =  0.500E+05 (N/mm)
               DAMPING      =   50.0     (Ns/m)
   VALVE STOP STIFFNESS     =  0.500E+05 (N/mm)
               DAMPING      =   50.0     (Ns/m)


 ELEMENT UNIT VECTOR IN GLOBAL COORDINATE SYSTEM:
   GLOBAL X COORDINATE  =      1.000
   GLOBAL Y COORDINATE  =      0.000
   GLOBAL W COORDINATE  =      0.000
--------------------------------------------------------------------------------
  6 Valve Chambe  CODE= 21   CONNECTIONS =     5   -7  -12
 ***************

 INPUT PARAMETERS:
   INITIAL VOLUME       =  0.300E+04 (mm3)
   VAPOUR PRESSURE      =  0.100E-02 (bar)
--------------------------------------------------------------------------------
  7 Injection Li  CODE= 25   CONNECTIONS =     6   -8
 ***************

 INPUT PARAMETERS:
   LINE LENGTH   =    500.00 (mm)
   LINE DIAMETER =     3.000 (mm)

   CORRECTOR STEP    =  1
   NUMBER OF BESSEL FUNCTION ROOTS = 20
   (IF SET TO 0, MAX. NUMBER=20 IS USED)

 POSITION OF LINE CROSS-SECTIONS (L - DISTANCE FROM INPUT SIDE IN mm):
     L =       100.00       200.00       300.00       400.00
--------------------------------------------------------------------------------
  8 Conn. Volume  CODE= 21   CONNECTIONS =     7   -9
 ***************

 INPUT PARAMETERS:
   INITIAL VOLUME       =   100.     (mm3)
   VAPOUR PRESSURE      =  0.100E-02 (bar)
--------------------------------------------------------------------------------
  9 Nozzle Bore   CODE= 23   CONNECTIONS =     8  -10
 ***************

 INPUT PARAMETERS:
   LINE LENGTH   =    300.00 (mm)
   LINE DIAMETER =     3.000 (mm)

FRICTION MODEL -> (Melcher)
--------------------------------------------------------------------------------
 10 Nozzle Chamb  CODE= 21   CONNECTIONS =     9  -17  -16  -15
 ***************

 INPUT PARAMETERS:
   INITIAL VOLUME       =   900.     (mm3)
   VAPOUR PRESSURE      =  0.100E-02 (bar)
--------------------------------------------------------------------------------
 11 Nozzle Holde  CODE=  0   CONNECTIONS =    17   15
 ***************

 INPUT PARAMETERS:
   SHIFT TIME/ANGLE RELATIVE TO CALC. START =   0.00    
   COPY DATA FOR EACH CYCLE = NO
 ELEMENT UNIT VECTOR IN GLOBAL COORDINATE SYSTEM:
   GLOBAL X COORDINATE  =      1.000
   GLOBAL Y COORDINATE  =      0.000
   GLOBAL W COORDINATE  =      0.000

BOUNDARY HYDROMECHANICAL                                                        
-------------------|-------------------|-------------------|-------------------|
       TIME        |     => X  <=      |     PRESSURE      |       FLOW        |
        (s)        |       (mm)        |       (mm)        |      (mm3/s)      |
-------------------|-------------------|-------------------|-------------------|
    0.00000000     |    0.00000000     |    3.00000000     |    0.00000000     |

 MECHANICAL CONNECTION DATA:
 CONNECTION x TO 15 =F0 = 778.     N  C =  250.     N/mm  D = 20.0     Ns/m
       direction    => X(e1) = 1.00     Y(e2) = 0.00     Z(e2) = 0.00    
--------------------------------------------------------------------------------
 12 Check Valve   CODE= 43   CONNECTIONS =     6   -4
 ***************

 INPUT PARAMETERS:
   MOVING BODY MASS         =   2.00     (g)
   VALVE SEAT DIAMETER      =   1.50     (mm)
   HALF-ANGLE OF VALVE SEAT =   45.0     (deg)
   FLUID DAMPING AT CLOSING =   20.0     (Ns/m)

    INPUT THROTTLE DIAMETER =   1.50     (mm)
            FLOW RESISTANCE =  0.500     (-)
   OUTPUT THROTTLE DIAMETER =   1.50     (mm)
            FLOW RESISTANCE =   1.00     (-)

   FLOW RESISTANCE AT SEAT  =   2.78     (-)
   VALVE OPENING PRESSURE   =   100.     (bar)
   VALVE SPRING STIFFNESS   =   18.0     (N/mm)
                DAMPING     =   1.00     (Ns/m)
   VALVE BODY LIFT          =  0.300     (mm)

 LINEAR SEAT/STOP MODEL
   VALVE SEAT STIFFNESS     =  0.100E+05 (N/mm)
               DAMPING      =   25.0     (Ns/m)
   VALVE STOP STIFFNESS     =  0.100E+05 (N/mm)
               DAMPING      =   25.0     (Ns/m)


 ELEMENT UNIT VECTOR IN GLOBAL COORDINATE SYSTEM:
   GLOBAL X COORDINATE  =      1.000
   GLOBAL Y COORDINATE  =      0.000
   GLOBAL W COORDINATE  =      0.000
--------------------------------------------------------------------------------
 13 Cyl. Pressur  CODE=  5   CONNECTIONS =    16
 ***************

 INPUT PARAMETERS:
   SHIFT TIME/ANGLE RELATIVE TO CALC. START =   0.00    
   COPY DATA FOR EACH CYCLE = NO
BOUNDARY PRESSURE/TEMPERATURE                                                   
-------------------|-------------------|-------------------|                    
       TIME        |     PRESSURE      |    TEMPERATURE    |                    
        (s)        |       (bar)       |        (K)        |                    
-------------------|-------------------|-------------------|                    
    0.00000000     |    80.0000000     |    353.150000     |
--------------------------------------------------------------------------------
 14 Feed Pressur  CODE=  5   CONNECTIONS =     3
 ***************

 INPUT PARAMETERS:
   SHIFT TIME/ANGLE RELATIVE TO CALC. START =   0.00    
   COPY DATA FOR EACH CYCLE = NO
BOUNDARY PRESSURE/TEMPERATURE                                                   
-------------------|-------------------|-------------------|                    
       TIME        |     PRESSURE      |    TEMPERATURE    |                    
        (s)        |       (bar)       |        (K)        |                    
-------------------|-------------------|-------------------|                    
    0.00000000     |    3.00000000     |    313.150000     |
--------------------------------------------------------------------------------
 15 Needle        CODE= 52   CONNECTIONS =    10  -11
 ***************

 INPUT PARAMETERS:
   MOVING MASS                  =   20.0     (g) 
   COULOMB FRICTION FORCE       =   0.00     (N)
   NEEDLE GUIDE DIAMETER        =   7.00     (mm)
   NEEDLE SEAT DIAMETER         =   4.00     (mm)
   MAXIMUM NEEDLE LIFT          =  0.400     (mm)

 LINEAR SEAT/STOP MODEL
   NEEDLE SEAT STIFFNESS        =  0.100E+06 (N/mm)
               DAMPING          =   500.     (Ns/m)
   NEEDLE STOP STIFFNESS        =  0.100E+06 (N/mm)
               DAMPING          =   500.     (Ns/m)

 SPECIAL CONNECTION TO ELEMENT(S) No. =>   17   16

 ELEMENT UNIT VECTOR IN GLOBAL COORDINATE SYSTEM:
   GLOBAL X COORDINATE   =      1.000
   GLOBAL Y COORDINATE   =      0.000
   GLOBAL W COORDINATE   =      0.000

 MECHANICAL CONNECTION DATA:
 CONNECTION x TO 11 => F0 = 778.     N  C =  250.     N/mm  D = 20.0     Ns/m
--------------------------------------------------------------------------------
 16 Sac Orifice   CODE= 57   CONNECTIONS =    10  -13
 ***************

 INPUT PARAMETERS:
   NUMBER OF SPRAY HOLES       =   8
   SPRAY HOLE OUTLET DIAMETER  =  0.420     (mm)
   SPRAY HOLE LENGTH           =   1.00     (mm)
   SPRAY HOLE INLET RADIUS     =  0.500E-02 (mm)
   VAPOUR PRESSURE             =  0.100E-02 (bar)

 STANDARD NEEDLE TIP/SEAT GEOMETRY:
   NOZZLE SAC DIAMETER         =   1.50     (mm)
   NEEDLE TIP DIAMETER         =  0.700     (mm)
   NEEDLE SEAT ANGLE           =   60.0     (deg)
   NEEDLE TIP ANGLE            =   120.     (deg)

 FLOW RESISTANCE AT NEEDLE SEAT:
   CONSTANT FOR LAMINAR FLOW   =  5000.     (-)
   EXPONENT OF REYNOLDS NUMBER =   1.00     (-)
   TURBULENT FLOW CONSTANT     =   1.00     (-)

 SPRAY CALCULATION:
   INBOWL SWIRL NUMBER         =   2.00     (-)

 SPECIAL CONNECTION TO NEEDLE ELEMENT No. 15

 SPRAY CALCULATION 
 ----------------- 
 
 DROPLET SIZE CALCULATION FORMULA  => ELKTOB          
 SPRAY CONE ANGLE CALC. FORMULA    => SITKEI          
 SPRAY PENETRATION CALC. FORMULA   => WAKURI          
--------------------------------------------------------------------------------
 17 Nozzle Leak   CODE= 38   CONNECTIONS =    10  -11
 ***************

 INPUT PARAMETERS:
   PISTON DIAMETER IS TAKEN FROM CONNECTED
   PISTON-TYPE ELEMENT WHICH HAS SMALLER DIAMETER
   NUMBER OF PISTONS   =  1
   CONSTANT GAP LENGTH =    30.000 (mm)

 SPECIAL CONNECTION TO ELEMENT(S) No. =>   15

GAP FUNCTION                                                                    
-------------------|-------------------|                                        
     Pressure      |     Clearance     |                                        
       (bar)       |       (mm)        |                                        
-------------------|-------------------|                                        
    0.00000000     |   0.500000000E-02 |
-------------------|-------------------|                                        
--------------------------------------------------------------------------------


                            INITIAL CONDITIONS
                            ==================
--------------|--------------|--------------|--------------|--------------|--------------|
  No. Axis    |    COORD.    |   VELOCITY   |   PRESSURE   |     FLOW     | TEMPERATURE  |
              |   (mm,deg)   |  (m/s,rpm)   |    (bar)     |    (mm3/s)   |     (K)      |
             -|-            -|-            -|-            -|-            -|-            -|
    4 x  IN ->|    0.000     |    0.000     |    3.000     |    0.000     |   313.150    |
         OUT->|    0.000     |    0.000     |    3.000     |    0.000     |   313.150    |
             -|-            -|-            -|-            -|-            -|-            -|
    6 x  IN ->|    0.000     |    0.000     |    80.00     |    0.000     |   313.150    |
         OUT->|    0.000     |    0.000     |    80.00     |    0.000     |   313.150    |
             -|-            -|-            -|-            -|-            -|-            -|
    8 x  IN ->|    0.000     |    0.000     |    80.00     |    0.000     |   313.150    |
         OUT->|    0.000     |    0.000     |    80.00     |    0.000     |   313.150    |
             -|-            -|-            -|-            -|-            -|-            -|
   10 x  IN ->|    0.000     |    0.000     |    80.00     |    0.000     |   313.150    |
         OUT->|    0.000     |    0.000     |    80.00     |    0.000     |   313.150    |
             -|-            -|-            -|-            -|-            -|-            -|


 ANIMATION ACTIVE:
 ================

 NOZZLE ELEMENT No. 16: Sac Orifice 


                             SYSTEM MAP
                             ==========

   No.  EQUIPMENT-NAME  CODE                       counters                                           CONNECTIONS
 |-----|--------------|-----|----IPR-IPL1-IPL2-IPL3--IPC-IPMA-IPMD--IPS-IPSE-IPAG|--------------------------------------------------|
 |   1 | Cam Profile  |  12 |     1    0    0    0    1    0    0    0    0    0 |   -2    0    0    0    0    0    0    0    0    0|
 |   2 | Plunger      |  30 |     0    0    0    0    2    0    0    0    0    0 |    1   -4    0    0    0    0    0    0    0    0|
 |   3 | Spill Port   |  35 |     0    0    0    0    0    0    0    0    0    0 |    4  -14    0    0    0    0    0    0    0    0|
 |   4 | Pump Chamber |  21 |     0    0    0    0    3    0    0    0    0    0 |    2   12   -5   -3    0    0    0    0    0    0|
 |   5 | Delivery     |  40 |     0    0    0    0    4    0    0    0    0    0 |    4   -6    0    0    0    0    0    0    0    0|
 |   6 | Valve Chambe |  21 |     0    0    0    0    5    0    0    0    0    0 |    5   -7  -12    0    0    0    0    0    0    0|
 |   7 | Injection Li |  25 |     0    1    0    0    0    0    0    0    0    0 |    6   -8    0    0    0    0    0    0    0    0|
 |   8 | Conn. Volume |  21 |     0    0    0    0    6    0    0    0    0    0 |    7   -9    0    0    0    0    0    0    0    0|
 |   9 | Nozzle Bore  |  23 |     0    2    0    0    0    0    0    0    0    0 |    8  -10    0    0    0    0    0    0    0    0|
 |  10 | Nozzle Chamb |  21 |     0    0    0    0    7    0    0    0    0    0 |    9  -17  -16  -15    0    0    0    0    0    0|
 |  11 | Nozzle Holde |   0 |     2    0    0    0    8    0    0    0    0    0 |   17   15    0    0    0    0    0    0    0    0|
 |  12 | Check Valve  |  43 |     0    0    0    0    9    0    0    0    0    0 |    6   -4    0    0    0    0    0    0    0    0|
 |  13 | Cyl. Pressur |   5 |     3    0    0    0   10    0    0    0    0    0 |   16    0    0    0    0    0    0    0    0    0|
 |  14 | Feed Pressur |   5 |     4    0    0    0   11    0    0    0    0    0 |    3    0    0    0    0    0    0    0    0    0|
 |  15 | Needle       |  52 |     0    0    0    0   12    0    0    0    0    0 |   10  -11    0    0    0    0    0    0    0    0|
 |  16 | Sac Orifice  |  57 |     0    0    0    0    0    0    0    0    0    0 |   10  -13    0    0    0    0    0    0    0    0|
 |  17 | Nozzle Leak  |  38 |     0    0    0    0    0    0    0    0    0    1 |   10  -11    0    0    0    0    0    0    0    0|
 |-----|--------------|-----|----IPR-IPL1-IPL2-IPL3--IPC-IPMA-IPMD--IPS-IPSE-IPAG|--------------------------------------------------|
