
 o------------------------------------------------------------o
 | AVL BOOST Hydsim / FixStep solver / v2020.1 / March 2020 |
 o------------------------------------------------------------o

 Internal data file name .... inline_pump1.inp                                                
 Input control file name .... inline_pump1.lst                                                

   EQUIPMENT (ELEMENTS):

       1  Cam Profile     -MODULE 12
       2  Plunger         -MODULE 30
       3  Spill Port      -MODULE 35
       4  Pump Chamber    -MODULE 21
       5  Delivery        -MODULE 40
       6  Valve Chambe    -MODULE 21
       7  Injection Li    -MODULE 25
       8  Conn. Volume    -MODULE 21
       9  Nozzle Bore     -MODULE 23
      10  Nozzle Chamb    -MODULE 21
      11  Nozzle Holde    -MODULE 00
      12  Check Valve     -MODULE 43
      13  Cyl. Pressur    -MODULE 05
      14  Feed Pressur    -MODULE 05
      15  Needle          -MODULE 52
      16  Sac Orifice     -MODULE 57
      17  Nozzle Leak     -MODULE 38

   EQUATION SYSTEM:

      NR. ORDINARY DIFF. EQUATIONS = 12
      NR. PARTIAL  DIFF. EQUATIONS =  4

 Output file name (for Impress chart) ..inline_pump1.GID                                                
 Nozzle animation file name(s) (PP3) ...inline_pump1_nozzle_16.anm                                      

 *** Calculation completed ***
 -----------------------------

