 --------------------------------
 AVL - B O O S T
 Version:        v2020.1.0.0.0
 Build:          Apr 10 2020 22:45:12
 Git Build Hash: 1409f548a4242bab2b2928aec6c4cb6c0577282f
 System:         x86_64-unknown-winnt_i16v15
 --------------------------------

LICENSE
-------
 sys_1DCFD_solver 2020.0@ Permanent license

PROJECT
-------
 Preprocessor Version :  2020.1
 Calculation date     : 21.09.2022
 File     : D4s.bst
 Case Set : "Case Set 1"
 Case     : "Case 9"
 
 Project ID: "MinhTam"
 Run ID:     ""
 Model date: "3. Jan 2021 19:25:55"

ELEMENTS
--------
 Element Name        Number

 PIPE                  34
 SYSTEMBOUNDARY         2
 PLENUM                 4
 CYLINDER               4
 RESTRICTION           10
 FUELINJECTOR           4
 MEASURINGPOINT        18
 AIRCLEANER             1
 CATALYST               1
 JUNCTION               6
 ENGINE                 1
 PIPE_END              72
 ASSEMBLED              2
 ALL_PIPES             36
 ALL_PLENUMS            8
 ALL_BOUNDARIES         2
 RESTRICTIONS          14
 ALL_PIDS               1
 PIPE_VAR_WALL_TEMP    36

GLOBAL DATA
-----------
  Engine Speed :         5000.0  rpm
  Calculationmode:        BOOST  Single
  Cycle Duration:        720.00  degrees
  Max. calc. period:   10800.00  degrees
  Cycles calculated:         15  cycles
  Calc. time steps:     2.02833  degrees (max)
                        0.93607  degrees
                        0.03120  ms
                        0.93607  degrees (short pipe)
                        0.03120  ms (short pipe)
  Traces results step:  5.00000  degrees
  User concentrations:        0
  Ref. pressure:      100000.00  Pa
  Ref. temperature:     298.000  K
  Gas properties:      Variable
  Gasproperties File:     GASOLINE.BGP
     bgp_build_version:   v2013.0.0.0.0
     bgp_build_host:      boosthost
     bgp_build_user:      boost
     bgp_build_date:      2012.03.23
     bgp_build_time:      08:00:00
  Lower calorific:  0.43500E+08  J/kg
  Stoic. A/F-ratio:      14.500

  Warnings:                   4
  Convergence errors:        31

PIPES
-----

 Total number of pipe cells:    257

 Pipe   Cells   Cell size       W.Heat     Wall T    Fric. coeff.   Lam. Fric. Coeff.  Heat Factor       Volume
  nr.                [mm]         [kJ]        [K]             [-]                 [-]          [-]        [dm3]
    1       4        31.6        0.000     304.00        0.001000           64.000000     1.000000     0.238652
    2       4        35.0        0.000     304.00        0.019000           64.000000     1.000000     0.222660
    3       7        31.4        0.000     304.00        0.001000           64.000000     1.000000     0.683618
    4       7        31.4        0.000     304.00        0.010000           64.000000     1.000000     0.677927
    5       2        30.0        0.000     304.00        0.010000           64.000000     1.000000     0.169646
    6       1        40.0        0.000     304.00        0.034000           64.000000     1.000000     0.153938
    7       3        35.0        0.000     304.00        0.034000           64.000000     1.000000     0.431195
    8       2        40.0       -0.000     293.00        0.034000           64.000000     1.000000     0.226980
    9      10        32.0        0.002     310.00        0.036000           64.000000     1.000000     0.370673
   10      10        32.0        0.001     310.00        0.036000           64.000000     1.000000     0.370673
   11      10        32.0        0.001     310.00        0.036000           64.000000     1.000000     0.370673
   12      10        32.0        0.002     310.00        0.036000           64.000000     1.000000     0.370673
   13       3        33.3        0.001     340.00        0.040000           64.000000     1.000000     0.088141
   14       3        33.3        0.001     340.00        0.040000           64.000000     1.000000     0.088141
   15       3        33.3        0.001     340.00        0.040000           64.000000     1.000000     0.088141
   16       3        33.3        0.001     340.00        0.040000           64.000000     1.000000     0.088141
   17       2        40.0       -0.010     850.00        0.040000           64.000000     1.000000     0.064340
   18       2        40.0       -0.009     850.00        0.040000           64.000000     1.000000     0.064340
   19       2        40.0       -0.009     850.00        0.040000           64.000000     1.000000     0.064340
   20       2        40.0       -0.010     850.00        0.040000           64.000000     1.000000     0.064340
   21      10        30.5       -0.041     850.00        0.040000           64.000000     1.000000     0.245296
   22       9        31.7       -0.038     850.00        0.040000           64.000000     1.000000     0.229211
   23      10        30.0       -0.038     850.00        0.040000           64.000000     1.000000     0.241274
   24       9        30.0       -0.034     850.00        0.040000           64.000000     1.000000     0.217147
   25       1        50.0       -0.011     850.00        0.023000           64.000000     1.000000     0.045396
   26       1        50.0       -0.010     850.00        0.023000           64.000000     1.000000     0.048106
   27      12        30.0       -0.098     750.00        0.022000           64.000000     1.000000     0.387076
   28       9        32.2       -0.074     750.00        0.022000           64.000000     1.000000     0.311811
   29       1        50.0       -0.013     850.00        0.021000           64.000000     1.000000     0.076027
   30      32        30.3       -0.648     600.00        0.021825           64.000000     1.000000     1.599486
   31      28        30.7       -0.132     750.00        0.021000           64.000000     1.000000     1.429236
   32      32        30.3       -0.152     700.00        0.021000           64.000000     1.000000     1.612045
   33      11        31.3       -0.059     650.00        0.021000           64.000000     1.000000     0.571362
   34       2        30.0       -0.000     304.00        0.010000           64.000000     1.000000     0.471239
   35      10        30.0        0.000     300.00        0.000001            0.000001     0.000000     1.400000  FILTER_PIPE     1
   36      10        30.0        0.000     300.00       28.338911       920118.940692     0.000000     3.200000  CATALYST_PIPE     1


MEASURINGPOINTS: Average Values
-------------------------------
 Mp. Pipe Location   Diameter  Pressure  Temp. Ms.Temp.  Velo.   Massflow   Massflow To.Ent.f.  To.Ent.f.  Mach. Wtemp.  Converg.
 nr.  nr.     [mm]       [mm]     [bar]    [K]      [K]  [m/s]      [g/s]  [g/cycle]    [kJ/s]  [kJ/cyc.]    [-]    [K]       [-]
  1   3   170.0000    71.8182    0.9853  303.8    303.8   24.1   109.7664     2.6344     0.654     0.0157   0.07  304.0 0.529E-06
  2   4    35.0000    66.8182    0.9790  303.8    303.6   28.0   109.7954     2.6351     0.654     0.0157   0.08  304.0 0.588E-06
  3   4   200.0000    60.0000    0.9764  303.6    303.4   34.7   109.7946     2.6351     0.655     0.0157   0.10  304.0 0.112E-06
  4   7    60.0000    73.5714    0.9734  304.0    303.6   24.2   109.7306     2.6335     0.655     0.0157   0.07  304.0 0.164E-05
  5   8    40.0000    60.0000    0.9662  304.9    303.3   17.7    54.0067     1.2962     0.327     0.0078   0.05  293.0 0.125E-04
  6  12    25.0000    44.1786    0.9617  304.6    300.8   17.0    27.8602     0.6686     0.166     0.0040   0.05  310.0 0.110E-04
  7  11    40.0000    43.6857    0.9541  306.0    300.9   17.4    26.9765     0.6474     0.167     0.0040   0.05  310.0 0.661E-05
  8  11   275.0000    33.4000    0.9283  308.8    294.9   38.7    26.9780     0.6475     0.212     0.0051   0.11  310.0 0.112E-05
  9  12   268.0000    33.4000    0.9365  307.2    294.2   39.0    27.8639     0.6687     0.221     0.0053   0.11  310.0 0.148E-04
 10  22    50.0000    32.0000    1.5759 1052.8   1185.9   71.9    29.7695     0.7145    40.658     0.9758   0.11  850.0 0.876E-05
 11  24    50.0000    32.0000    1.5677 1046.9   1173.7   70.9    28.8946     0.6935    42.656     1.0237   0.11  850.0 0.907E-06
 12  22   180.0000    32.0000    1.5549 1061.7   1164.2   73.0    29.7720     0.7145    39.961     0.9591   0.11  850.0 0.714E-05
 13  28   200.0000    37.0000    1.5308 1096.4   1117.2  110.8    57.8947     1.3895    80.482     1.9316   0.17  750.0 0.346E-05
 14  27   260.0000    37.0000    1.5284 1108.9   1114.4  113.1    59.6144     1.4307    75.396     1.8095   0.18  750.0 0.435E-05
 15  30    50.0000    46.0000    1.5920 1123.7   1116.7  141.4   117.5413     2.8210   152.773     3.6666   0.22  600.0 0.116E-05
 16  30   900.0000    46.0000    1.5203  953.1    949.0  126.7   117.5162     2.8204   127.625     3.0630   0.21  600.0 0.147E-05
 17  31    50.0000    46.0000    1.3782  942.3    942.7  139.9   117.4708     2.8193   126.304     3.0313   0.23  750.0 0.145E-06
 18  32   305.0000    46.0000    1.1118  889.2    889.2  163.9   117.5164     2.8204   118.356     2.8406   0.28  700.0 0.534E-06

SYSTEMBOUNDARIES
Attachments
-----------
 Type                 Nr.   Pipe       Mass flow
                             Nr.       [g/cycle]
 SYSTEMBOUNDARY        1      1          2.6345
 SYSTEMBOUNDARY        2     33          2.8216

PLENUMS: Average Values
-----------------------
                   Pl. Pressure   Temp.      Mass Wallheat
                   nr.    [bar]     [K]       [g]     [kJ]
 PLENUM             1    0.9864  302.85     2.950    0.000
                                          Attached pipe   2:     -0.0001 g/cycle
 PLENUM             2    0.9796  304.22     4.486    0.000
                                          Attached pipe   6:      2.6353 g/cycle
                                          Attached pipe  34:      2.6348 g/cycle
 PLENUM             3    1.2616  915.01     2.855    0.000
                                          Attached pipe  31:      2.8194 g/cycle
                                          Attached pipe  32:      2.8203 g/cycle
 PLENUM             4    1.0818  870.44     2.574    0.000
                                          Attached pipe  32:      2.8206 g/cycle
                                          Attached pipe  33:      2.8215 g/cycle
 AIRCLEANER         1    0.9865  304.12     3.389    0.000
                                          Attached pipe   3:      2.6345 g/cycle
                                          Attached pipe  35:      2.6346 g/cycle
 AIRCLEANER         1    0.9836  304.18     4.843    0.000
                                          Attached pipe   4:      2.6346 g/cycle
                                          Attached pipe  35:      2.6346 g/cycle
 CATALYST           1    1.5183  957.52     0.082    0.000
                                          Attached pipe  30:      2.8195 g/cycle
                                          Attached pipe  36:      2.8195 g/cycle
 CATALYST           1    1.4297  952.56     0.078    0.000
                                          Attached pipe  31:      2.8194 g/cycle
                                          Attached pipe  36:      2.8194 g/cycle

PLENUMS
Attachments
-----------
 Type                 Nr.   Pipe       Mass flow
                             Nr.       [g/cycle]
 PLENUM                1      2         -0.0001
 PLENUM                2      6          2.6353
 PLENUM                2     34          2.6348
 PLENUM                3     31          2.8194
 PLENUM                3     32          2.8203
 PLENUM                4     32          2.8206
 PLENUM                4     33          2.8215
 AIRCLEANER            1      3          2.6345
 AIRCLEANER            1     35          2.6346
 AIRCLEANER            1      4          2.6346
 AIRCLEANER            1     35          2.6346
 CATALYST              1     30          2.8195
 CATALYST              1     36          2.8195
 CATALYST              1     31          2.8194
 CATALYST              1     36          2.8194

CYLINDERS: Average Values
-------------------------
                               Total
                              Engine         Cyl.   1       Cyl.   2       Cyl.   3       Cyl.   4
Firing TDC [deg]                                  0.00         540.00         180.00         360.00
Bore [mm]                                        87.50          87.50          87.50          87.50
Stroke [mm]                                     103.40         103.40         103.40         103.40
Conrodl. [mm]                                   143.50         143.50         143.50         143.50
Piston pin offset [mm]                            0.00           0.00           0.00           0.00
Swept Vol. [l]                   2.4871         0.6218         0.6218         0.6218         0.6218
Dyn. Comp. ratio [-]                             10.76          10.77          10.78          10.71

Combustion Data:
----------------
Combustion Char.                                  Vibe           Vibe           Vibe           Vibe     
Comb.start [deg]                                 -5.00          -5.00          -5.00          -5.00
Vibe Parameter a [-]                             6.900          6.900          6.900          6.900
Vibe Param. m 1 [-]                              1.600          1.600          1.600          1.600
Peak Fir.Pres. [bar]              67.72          68.71          66.82          66.67          68.66
at Crankangle [deg]               18.41          18.41          18.39          18.50          18.34
Peak Pres.Rise[bar/deg]            2.32           2.35           2.29           2.28           2.35
at Crankangle [deg]                7.62           7.19           7.46           7.24           8.58
Peak Fir. Temp. [K]             2590.80        2591.06        2591.69        2590.03        2590.41
at Crankangle [deg]               28.95          28.86          29.19          29.00          28.76
Res. Gascompr. [bar]               1.17           1.04           1.29           1.29           1.05
at Crankangle [deg]              351.60         360.00         342.70         343.70         360.00

Performance:
------------
Rel. to Ave. [-]                                1.0129         0.9886         0.9861         1.0124
IMEP Exh. [bar]                 -1.7349        -1.7608        -1.7167        -1.7089        -1.7534
IMEP Int. [bar]                  0.6259         0.6286         0.6236         0.6229         0.6284
IMEP Gasex. [bar]               -1.1090        -1.1321        -1.0931        -1.0860        -1.1250
IMEP HP [bar]                   13.8501        14.0379        13.6886        13.6501        14.0238
BMEP [bar]                      10.7811        10.9458        10.6356        10.6040        10.9388
AMEP;SMEP [bar]                  0.0000         0.0000         0.0000         0.0000         0.0000
ISFC [g/kWh]                   224.8095       221.9691       227.3674       227.9301       222.1141
Rel. to Ave. [-]                                0.9874         1.0114         1.0139         0.9880
ISFC (tr.f.) [g/kWh]           224.8095       221.9691       227.3674       227.9301       222.1141
BSFC [g/kWh]                   265.6799       261.7158       269.2683       270.0596       261.9121
Indicated Eff. [-]               0.3681         0.3728         0.3640         0.3631         0.3726
Iso vol. comb. Eff [-]           0.9109         0.9106         0.9112         0.9114         0.9106
Polytropic Coeff. [-]                           1.3049         1.3040         1.3037         1.3048

Fuel Mass Balance:
------------------
Inj. Fuelmass [g]              0.000000       0.000000       0.000000       0.000000       0.000000
Asp.Trap. Fuelmass [g]         0.197881       0.049477       0.049462       0.049460       0.049482
Fuelmassfl.(A+I) [g/s]         8.245040       2.061530       2.060909       2.060839       2.061763
Fuelmass tot.trap. [g]         0.197881       0.049477       0.049462       0.049460       0.049482
Trapped Fuelm.fl.[g/s]         8.245040       2.061530       2.060909       2.060839       2.061763
Trapp. Eff. Fuel [-]             1.0000         1.0000         1.0000         1.0000         1.0000

Energy Balance Cylinder:
------------------------
Fuel Energy [kJ]                8.58918        2.14752        2.14693        2.14690        2.14783
Released Energy [kJ]            8.53037        2.12345        2.14067        2.14189        2.12437
-> Brake Power     [%]           31.433         32.050         30.891         30.782         32.016
-> Loss: Friction  [%]            5.714          5.739          5.693          5.690          5.737
-> Loss: Piston    [%]            3.231          3.290          3.181          3.172          3.283
-> Loss: Head      [%]            4.047          4.121          3.984          3.972          4.112
-> Loss: Liner     [%]            5.184          5.295          5.094          5.075          5.273
-> Loss: Int. Port [%]            0.000          0.000          0.000          0.000          0.000
-> Loss: Exh. Port [%]            2.748          2.803          2.702          2.690          2.798
-> Loss: Exh. Gas  [%]           47.265         46.323         48.118         48.213         46.393
Eff. Rel. Energy [kJ]           7.63316        1.94023        1.87992        1.87505        1.93797
Gross Rel. Energy [kJ]          8.53037        2.12345        2.14067        2.14189        2.12437
Eff.Gross Rel.Ener.[kJ]         7.63316        1.94023        1.87992        1.87505        1.93797
Energy Balance [-]               0.9988         0.9989         0.9987         0.9986         0.9988
Eff. Energy Balance [-]          0.8937         0.9127         0.8771         0.8742         0.9112

Blowby:
-------
Blowbymass [g]                -0.014764      -0.003751      -0.003634      -0.003629      -0.003750
Blowbymassfl. [g/s]           -0.615173      -0.156312      -0.151401      -0.151216      -0.156242
Blowby Heat Flow [kJ]         -0.026287      -0.006550      -0.006589      -0.006593      -0.006554

Reference Values at Start of High Pressure:
-------------------------------------------
Pressure at SHP[bar]             1.6021         1.6243         1.5761         1.5734         1.6346
Temperature [K]                  414.29         414.33         413.64         413.94         415.24
Air Massfl.  [g/s]           109.836666      27.907811      27.059236      26.991528      27.878091
Fuel Massfl. [g/s]             8.245040       2.061530       2.060909       2.060839       2.061763
Trapp. Eff. Air [-]              1.0000         1.0000         1.0000         1.0000         1.0000
Trapp. Eff.Fuel [-]              1.0000         1.0000         1.0000         1.0000         1.0000
A/F-Ratio (Cmb.) [-]              13.32          13.54          13.13          13.10          13.52
Excess Air Ratio [-]             0.9187         0.9336         0.9055         0.9033         0.9325

Reference Values at Start Of Combustion:
----------------------------------------
Pressure [bar]                  33.7156        34.2911        33.0701        33.1729        34.3284
Temperature [K]                  836.31         838.07         833.70         834.91         838.57

Residual Gas:
-------------
Res.gas content [-]              0.0349         0.0335         0.0357         0.0365         0.0339
External EGR [-]                 0.0000         0.0000         0.0000         0.0000         0.0000
Internal EGR [-]                 0.0349         0.0335         0.0357         0.0365         0.0339
Com.Prod.Mass. at EO [g]       2.920179       0.740196       0.720707       0.719592       0.739683
Res.gas mass at SHP [g]        0.102375       0.024933       0.025851       0.026392       0.025199
Res.gas aspirated IN [g]       0.000007       0.000000       0.000000       0.000000       0.000007
Res.gas from intake [g]        0.022910       0.004891       0.006324       0.006644       0.005051
Rel. to Total [-]                0.2238         0.1962         0.2446         0.2517         0.2004
Res.gas flow EX [g]            2.816286       0.714858       0.694502       0.692818       0.714108
Res.gas from exhaust [g]       0.014756       0.003477       0.003662       0.003946       0.003671
Rel. to Total [-]                0.1441         0.1395         0.1417         0.1495         0.1457

Gas Exchange:
-------------
Volumetric Eff. [-]              0.9068         0.9216         0.8936         0.8914         0.9207
Rel. to Ave. [-]                                1.0163         0.9854         0.9830         1.0153
Total Mass at SHP[g]             2.9363         0.7442         0.7247         0.7236         0.7438
Mass Delivered [g]              2.83341        0.71914        0.69874        0.69708        0.71844
Mass Delivered [g/s]          118.05874       29.96421       29.11429       29.04513       29.93511
Delivery Ratio [-]               0.9747         0.9895         0.9615         0.9592         0.9886
Rel. to Ave. [-]                                1.0152         0.9864         0.9841         1.0142
Av.Airmass at SHP[g]             2.6361         0.6698         0.6494         0.6478         0.6691
Air Delivered [g]               2.63608        0.66979        0.64942        0.64780        0.66907
Air Delivered [g/s]           109.83667       27.90781       27.05924       26.99153       27.87809
Airdeliveryratio [-]             0.9068         0.9216         0.8936         0.8914         0.9207
Rel. to Ave. [-]                                1.0163         0.9854         0.9830         1.0153
Airmass Trapped [g]             2.63608        0.66979        0.64942        0.64780        0.66907
Airmass Trapped [g/s]         109.83667       27.90781       27.05924       26.99153       27.87809
Trapp. Eff. Air [-]              1.0000         1.0000         1.0000         1.0000         1.0000
Rel. to Ave. [-]                                1.0000         1.0000         1.0000         1.0000
Airpurity [-]                    0.8977         0.9000         0.8961         0.8952         0.8996
Dyn. Swirl [-]                   0.0000         0.0000         0.0000         0.0000         0.0000
Dyn. Tumble [-]                  0.0000         0.0000         0.0000         0.0000         0.0000

Wall Heatlosses:
----------------
Piston [kJ]                     -0.2756        -0.0699        -0.0681        -0.0679        -0.0697
Piston Temperature [K]                          500.00         500.00         500.00         500.00
Cylinderhead [kJ]              -0.34524       -0.08751       -0.08529       -0.08508       -0.08736
Head Temperature [K]                            530.00         530.00         530.00         530.00
Cylinderliner [kJ]             -0.44218       -0.11244       -0.10904       -0.10869       -0.11202
LinerTDC Temperature [K]                        435.00         435.00         435.00         435.00
LinerBDC Temperature [K]                        425.00         425.00         425.00         425.00
Sum of Wallheat [kJ]           -1.06305       -0.26980       -0.26243       -0.26171       -0.26911
Wall Heatlosses in High Pressure Phase:
Piston HP [kJ]                 -0.22275       -0.05637       -0.05507       -0.05491       -0.05639
Cylinderhead HP [kJ]           -0.28170       -0.07130       -0.06965       -0.06944       -0.07132
Cylinderliner HP [kJ]          -0.21098       -0.05338       -0.05215       -0.05188       -0.05357
Sum of Wallheat HP [kJ]        -0.71543       -0.18105       -0.17687       -0.17623       -0.18128
Wall Heatlosses Related to Heatinput:
Piston [-]                      -0.0320        -0.0325        -0.0317        -0.0316        -0.0324
Cylinderhead [-]                -0.0401        -0.0407        -0.0396        -0.0395        -0.0406
Cylinderliner [-]               -0.0514        -0.0522        -0.0507        -0.0505        -0.0520
Sum of Wallheat [-]             -0.1235        -0.1254        -0.1220        -0.1216        -0.1250
M. Eff. HTC [W/m2/K]             597.31         603.27         592.08         591.24         602.67
M. Eff. Temp. [K]               1322.86        1325.86        1320.58        1319.78        1325.24

Reference Values at EO:
-----------------------
Pressure [bar]                     5.91           6.02           5.82           5.82           5.99
Temperature [K]                 1655.89        1666.12        1648.20        1646.22        1663.04
A/F-Ratio [-]                     13.32          13.54          13.13          13.10          13.52
Com.Prod.Conc. [-]              0.99914        0.99922        0.99910        0.99904        0.99919
Fuel Concentr. [-]             0.000060       0.000053       0.000064       0.000068       0.000056

Average Values of Pipeattachements:
-----------------------------------
 Attached Pipe                                      13             14             15             16
Vlv/Prt.Op.Clr.0mm[deg]                         340.00         340.00         340.00         340.00
Vlv/Prt.Op.Eff.0mm[deg]                         340.00         340.00         340.00         340.00
Vlv/Prt.Op.Eff.1mm[deg]                         362.50         362.50         362.50         362.50
Vlv/Prt.Op.Udef.mm[deg]                         340.00         340.00         340.00         340.00
Vlv/Prt.Cl.Clr.0mm[deg]                         610.00         610.00         610.00         610.00
Vlv/Prt.Cl.Eff.0mm[deg]                         610.00         610.00         610.00         610.00
Vlv/Prt.Cl.Eff.1mm[deg]                         577.52         577.52         577.53         577.53
Vlv/Prt.Cl.Udef.mm[deg]                         610.00         610.00         610.00         610.00
Cam Phasing [deg]                                 0.00           0.00           0.00           0.00
Massflow [g/cycle]                            0.719141       0.698743       0.697083       0.718443
Wallheat [kJ/cycle]                           0.000000       0.000000       0.000000       0.000000
rel.to Heatinp.[-]                              0.0000         0.0000         0.0000         0.0000
 Attached Pipe                                      17             18             19             20
Vlv/Prt.Op.Clr.0mm[deg]                         130.00         130.00         130.00         130.00
Vlv/Prt.Op.Eff.0mm[deg]                         130.00         130.00         130.00         130.00
Vlv/Prt.Op.Eff.1mm[deg]                         150.84         150.84         150.84         150.84
Vlv/Prt.Op.Udef.mm[deg]                         130.00         130.00         130.00         130.00
Vlv/Prt.Cl.Clr.0mm[deg]                         390.00         390.00         390.00         390.00
Vlv/Prt.Cl.Eff.0mm[deg]                         390.00         390.00         390.00         390.00
Vlv/Prt.Cl.Eff.1mm[deg]                         356.00         356.00         356.00         356.00
Vlv/Prt.Cl.Udef.mm[deg]                         390.00         390.00         390.00         390.00
Cam Phasing [deg]                                 0.00           0.00           0.00           0.00
Massflow [g/cycle]                            0.715413       0.695126       0.693486       0.714688
Wallheat [kJ/cycle]                          -0.059516      -0.057836      -0.057611      -0.059433
rel.to Heatinp.[-]                             -0.0277        -0.0269        -0.0268        -0.0276

FLOWRESTRICTIONS: Average Values
--------------------------------
 Flr. Att.Pi.  Massflow  Att.Pi.  Massflow
  nr.  number [g/cycle]   number [g/cycle]
    1       4    2.6346        5    2.6348
    2       5    2.6348       34    2.6348
    3       6    2.6353        7    2.6352
    4      17    0.7154       21    0.7155
    5      18    0.6951       23    0.6953
    6      19    0.6935       24    0.6936
    7      20    0.7147       22    0.7148
    8      25    1.4303       27    1.4304
    9      26    1.3887       28    1.3888
   10      29    2.8194       30    2.8194

FUELINJECTORS: Average Values
-----------------------------
 Inj. Att.Pi.  Massflow  Att.Pi.  Massflow Added Fuel
  nr.  number [g/cycle]   number [g/cycle]  [g/cycle]
    1       9    0.6695       13    0.7191     0.0494
    2      10    0.6491       14    0.6987     0.0494
    3      11    0.6475       15    0.6971     0.0494
    4      12    0.6689       16    0.7186     0.0494

ASSEMBLED: Average Values
-------------------------
 Type         Nr.  ----------Inlet-----------   ---------Outlet-----------    ----------------------Core----------------------
                   Pressure Temperat.   Mass    Pressure Temperat.   Mass     Rej.Heat   Rej.Heat    Fric. coeff.  Heat Factor
                    [bar]     [K]        [g]     [bar]      [K]       [g]       [kJ]       [kW]        [-]           [-]
 AIRCLEANER    1    0.9865   304.12     3.389    0.9836   304.18     4.843     0.0000     0.0000       0.000001     0.000000
 CATALYST      1    1.5183   957.52     0.082    1.4297   952.56     0.078     0.0000     0.0000      28.338911     0.000000

ASSEMBLED
Attachments
-----------
 Type                 Nr.   Pipe       Mass flow
                             Nr.       [g/cycle]
 AIRCLEANER            1      3          2.6345
 AIRCLEANER            1      4          2.6346
 CATALYST              1     30          2.8195
 CATALYST              1     31          2.8194

JUNCTIONS: Average Values
-------------------------
Junction   1: Attached pipe   1:     -2.6345 g/cycle
              Attached pipe   2:      0.0001 g/cycle
              Attached pipe   3:     -2.6345 g/cycle
Junction   2: Attached pipe   7:     -2.6353 g/cycle
              Attached pipe   8:     -1.2966 g/cycle
              Attached pipe   9:     -0.6694 g/cycle
              Attached pipe  12:     -0.6692 g/cycle
Junction   3: Attached pipe   8:     -1.2965 g/cycle
              Attached pipe  10:     -0.6491 g/cycle
              Attached pipe  11:     -0.6476 g/cycle
Junction   4: Attached pipe  21:     -0.7155 g/cycle
              Attached pipe  22:     -0.7148 g/cycle
              Attached pipe  25:     -1.4303 g/cycle
Junction   5: Attached pipe  23:     -0.6952 g/cycle
              Attached pipe  24:     -0.6936 g/cycle
              Attached pipe  26:     -1.3887 g/cycle
Junction   6: Attached pipe  27:     -1.4304 g/cycle
              Attached pipe  28:     -1.3888 g/cycle
              Attached pipe  29:     -2.8194 g/cycle

OVERALL ENGINE PERFORMANCE:
===========================

Indicated Torque          :    252.16 Nm                    Indicated Specific Torque :    101.39 Nm/l
Indicated Power           :    132.03 kW,       179.51 PS   Indicated Specific Power  :     53.09 kW/l,      72.18 PS/l
Friction Torque           :     38.79 Nm                    Friction Power            :     20.31 kW
Effective Torque          :    213.37 Nm                    Effective Specific Torque :     85.79 Nm/l
Effective Power           :    111.72 kW,       151.90 PS   Effective Specific Power  :     44.92 kW/l,      61.08 PS/l

Required time for reading the inputfile and initialisation:       0.11 min
Required time for the calculation: .........................      0.15 min
Required time for writing the outputfile: ..................      0.00 min
Required total time: .......................................      0.27 min
Required total CPU-time: ...................................      9.59 sec
